[04:49:19] [modloading-worker-0/INFO] ========================================
[04:49:19] [modloading-worker-0/INFO] Minecraft: 1.18.2
[04:49:19] [modloading-worker-0/INFO] Side: server
[04:49:19] [modloading-worker-0/INFO] Development: false
[04:49:19] [modloading-worker-0/INFO] Version: 8.4.737
[04:49:19] [modloading-worker-0/INFO] Loader:
[04:49:19] [modloading-worker-0/INFO] - Forge: 40.2.17
[04:49:19] [modloading-worker-0/INFO] Dependencies:
[04:49:19] [modloading-worker-0/INFO] - Cloth Config: 6.5.116
[04:49:19] [modloading-worker-0/INFO] - Architectury: 4.12.94
[04:49:19] [modloading-worker-0/INFO] Mixin: 0.8.5
[04:49:19] [modloading-worker-0/INFO] OS: Linux 6.5.0-1022-azure (amd64)
[04:49:19] [modloading-worker-0/INFO] Java: 21.0.3 (Microsoft)
[04:49:19] [modloading-worker-0/INFO] ========================================
[04:49:19] [modloading-worker-0/INFO] Mods:
[04:49:19] [modloading-worker-0/INFO] - adaptive_performance_tweaks_core: 10.2.0
[04:49:19] [modloading-worker-0/INFO] - adaptive_performance_tweaks_items: 10.0.0
[04:49:19] [modloading-worker-0/INFO] - advancementplaques: 1.4.5.1
[04:49:19] [modloading-worker-0/INFO] - ageingspawners: 1.2.4
[04:49:19] [modloading-worker-0/INFO] - aggrofix: 1.0.2
[04:49:19] [modloading-worker-0/INFO] - aiimprovements: 0.5.2
[04:49:19] [modloading-worker-0/INFO] - alexsdelight: 1.3.3
[04:49:19] [modloading-worker-0/INFO] - alexsmobs: 1.18.6
[04:49:19] [modloading-worker-0/INFO] - alternate_current: 0.0NONE
[04:49:19] [modloading-worker-0/INFO] - apexcore: 4.13.0
[04:49:19] [modloading-worker-0/INFO] - apotheosis: 5.8.1
[04:49:19] [modloading-worker-0/INFO] - aquamirae: 5.api10
[04:49:19] [modloading-worker-0/INFO] - architectury: 4.12.94
[04:49:19] [modloading-worker-0/INFO] - areas: 5.2
[04:49:19] [modloading-worker-0/INFO] - armorcurve: 3.0
[04:49:19] [modloading-worker-0/INFO] - armoreablemobs: 1.0.7
[04:49:19] [modloading-worker-0/INFO] - ash_of_sin_custom_anti_trap_cage_entity: 1.0.5
[04:49:19] [modloading-worker-0/INFO] - ash_of_sin_custom_entity_anti_effect: 1.0.6
[04:49:19] [modloading-worker-0/INFO] - ash_of_sin_soul_like_boss_battle: 1.0.9
[04:49:19] [modloading-worker-0/INFO] - atlaslib: 1.1.7a
[04:49:19] [modloading-worker-0/INFO] - attributefix: 14.0.2
[04:49:19] [modloading-worker-0/INFO] - autoreglib: 1.7-53
[04:49:19] [modloading-worker-0/INFO] - awesomedungeonnether: 3.0.0
[04:49:19] [modloading-worker-0/INFO] - ba_bt: 1.18.2-2.3.12
[04:49:19] [modloading-worker-0/INFO] - badmobs: 13.01
[04:49:19] [modloading-worker-0/INFO] - balm: 3.2.6
[04:49:19] [modloading-worker-0/INFO] - bcc: 1.1.21-build.48+mc1.18.2
[04:49:19] [modloading-worker-0/INFO] - betterdeserttemples: 1.18.2-Forge-1.3.1
[04:49:19] [modloading-worker-0/INFO] - betterdungeons: 1.18.2-Forge-2.1.0
[04:49:19] [modloading-worker-0/INFO] - betterendisland: 1.18.2-Forge-1.0
[04:49:19] [modloading-worker-0/INFO] - betterfortresses: 1.18.2-Forge-1.0.0
[04:49:19] [modloading-worker-0/INFO] - betterfpsdist: 1.18.2-1.5
[04:49:19] [modloading-worker-0/INFO] - bettergolem: 1.18.2-1.1.0
[04:49:19] [modloading-worker-0/INFO] - bettermineshafts: 1.18.2-Forge-2.2
[04:49:19] [modloading-worker-0/INFO] - betteroceanmonuments: 1.18.2-Forge-1.0.3
[04:49:19] [modloading-worker-0/INFO] - betterstats: 2.2.2+1.18.2
[04:49:19] [modloading-worker-0/INFO] - betterstrongholds: 1.18.2-Forge-2.1.1
[04:49:19] [modloading-worker-0/INFO] - bettervillage: 2.0.0
[04:49:19] [modloading-worker-0/INFO] - betterwitchhuts: 1.18.2-Forge-1.0.1
[04:49:19] [modloading-worker-0/INFO] - biomemakeover: 1.18.2-1.4.32
[04:49:19] [modloading-worker-0/INFO] - bloodandmadness: 2.0
[04:49:19] [modloading-worker-0/INFO] - blue_skies: 1.3.12
[04:49:19] [modloading-worker-0/INFO] - blueprint: 5.5.0
[04:49:19] [modloading-worker-0/INFO] - bookshelf: 13.3.56
[04:49:19] [modloading-worker-0/INFO] - bosses_of_mass_destruction: 1.0.6
[04:49:19] [modloading-worker-0/INFO] - braincell: 1.18
[04:49:19] [modloading-worker-0/INFO] - brutalbosses: 1.18.2-5.8
[04:49:19] [modloading-worker-0/INFO] - bygonenether: 1.3.2
[04:49:19] [modloading-worker-0/INFO] - caelus: 1.18.1-3.0.0.2
[04:49:19] [modloading-worker-0/INFO] - callablehorses: 1.2.2.5
[04:49:19] [modloading-worker-0/INFO] - cataclysm: 1.0
[04:49:19] [modloading-worker-0/INFO] - cc: 1.0.17
[04:49:19] [modloading-worker-0/INFO] - champions: 1.18.2-2.1.6.3
[04:49:19] [modloading-worker-0/INFO] - chunky: 1.2.164
[04:49:19] [modloading-worker-0/INFO] - citadel: 1.11.3
[04:49:19] [modloading-worker-0/INFO] - cloth_config: 6.5.116
[04:49:19] [modloading-worker-0/INFO] - cloudstorage: 1.1.0
[04:49:19] [modloading-worker-0/INFO] - collective: 7.7
[04:49:19] [modloading-worker-0/INFO] - comforts: 1.18.2-5.0.0.6
[04:49:19] [modloading-worker-0/INFO] - commonality: 1.4.0
[04:49:19] [modloading-worker-0/INFO] - conjurer_illager: 1.1.1
[04:49:19] [modloading-worker-0/INFO] - corpse: 1.18.2-1.0.1
[04:49:19] [modloading-worker-0/INFO] - crafttweaker: 9.1.211
[04:49:19] [modloading-worker-0/INFO] - create: 0.5.1.f
[04:49:19] [modloading-worker-0/INFO] - creativecore: 0.0NONE
[04:49:19] [modloading-worker-0/INFO] - creeperoverhaul: 1.3.1
[04:49:19] [modloading-worker-0/INFO] - cristellib: 1.0.0
[04:49:19] [modloading-worker-0/INFO] - curios: 1.18.2-5.0.9.2
[04:49:19] [modloading-worker-0/INFO] - dannys_expansion: 1.2.6
[04:49:19] [modloading-worker-0/INFO] - darkersouls: 1.0
[04:49:19] [modloading-worker-0/INFO] - dawncraft: 1.18.2-1.2.15f
[04:49:19] [modloading-worker-0/INFO] - dawncraft_fixes: 0.34.0
[04:49:19] [modloading-worker-0/INFO] - dcclasses: 1.1.4b
[04:49:19] [modloading-worker-0/INFO] - deleteitem: 2.0.3.1
[04:49:19] [modloading-worker-0/INFO] - difficultraids: 1.7.6-release
[04:49:19] [modloading-worker-0/INFO] - doespotatotick: 1.18.2-4.0.2
[04:49:19] [modloading-worker-0/INFO] - dogslie: 1.1.1
[04:49:19] [modloading-worker-0/INFO] - dragonmounts: 1.1.4
[04:49:19] [modloading-worker-0/INFO] - dummmmmmy: 1.18-1.5.2
[04:49:19] [modloading-worker-0/INFO] - dungeoncrawl: 2.3.14
[04:49:19] [modloading-worker-0/INFO] - dungeons_arise: 2.1.52-1.18.2
[04:49:19] [modloading-worker-0/INFO] - dynamiclightsreforged: 1.18.2_v1.3.3
[04:49:19] [modloading-worker-0/INFO] - easymagic: 3.3.0
[04:49:19] [modloading-worker-0/INFO] - ecologics: 1.7.11
[04:49:19] [modloading-worker-0/INFO] - ef_weapon_extended: 1.0.0
[04:49:19] [modloading-worker-0/INFO] - efdg: 18.1.11
[04:49:19] [modloading-worker-0/INFO] - efmpirates: 18.1.6
[04:49:19] [modloading-worker-0/INFO] - enchantlimiter: 2.0
[04:49:19] [modloading-worker-0/INFO] - endrem: 5.2.0-R-1.18.2
[04:49:19] [modloading-worker-0/INFO] - enlightened_end: 4.0.0.1
[04:49:19] [modloading-worker-0/INFO] - epicfight: 18.5.24
[04:49:19] [modloading-worker-0/INFO] - falchionmoveset: 18.0.2
[04:49:19] [modloading-worker-0/INFO] - fantasyfurniture: 3.14.0
[04:49:19] [modloading-worker-0/INFO] - farmersdelight: 1.18.2-1.2.3
[04:49:19] [modloading-worker-0/INFO] - farsight_view: 1.18.2-1.9
[04:49:19] [modloading-worker-0/INFO] - farsightedmobs: 1.1
[04:49:19] [modloading-worker-0/INFO] - fastbench: 6.1.1
[04:49:19] [modloading-worker-0/INFO] - fastfurnace: 6.0.3
[04:49:19] [modloading-worker-0/INFO] - fastload: 3.4.0
[04:49:19] [modloading-worker-0/INFO] - fastsuite: 3.0.2
[04:49:19] [modloading-worker-0/INFO] - feature_nbt_deadlock_be_gone: 2.0.0+1.18.2
[04:49:19] [modloading-worker-0/INFO] - ferritecore: 4.2.2
[04:49:19] [modloading-worker-0/INFO] - fixmyspawnr: 1.0.0
[04:49:19] [modloading-worker-0/INFO] - flywheel: 0.6.10-105
[04:49:19] [modloading-worker-0/INFO] - followme: 1.1.8a
[04:49:19] [modloading-worker-0/INFO] - forge: 40.2.17
[04:49:19] [modloading-worker-0/INFO] - friendsandfoes: 1.4.8
[04:49:19] [modloading-worker-0/INFO] - ftbessentials: 1802.1.7-build.42
[04:49:19] [modloading-worker-0/INFO] - ftblibrary: 1802.3.11-build.177
[04:49:19] [modloading-worker-0/INFO] - ftbquests: 1802.3.15-build.298
[04:49:19] [modloading-worker-0/INFO] - ftbranks: 1802.1.11-build.71
[04:49:19] [modloading-worker-0/INFO] - ftbteams: 1802.2.11-build.107
[04:49:19] [modloading-worker-0/INFO] - fullstackwatchdog: 1.0.1+1.19.2-forge
[04:49:19] [modloading-worker-0/INFO] - gamestages: 8.1.3
[04:49:19] [modloading-worker-0/INFO] - geckolib3: 3.0.57
[04:49:19] [modloading-worker-0/INFO] - getittogetherdrops: 1.3
[04:49:19] [modloading-worker-0/INFO] - globaldataandresourcepacks: 1.12.4_forge
[04:49:19] [modloading-worker-0/INFO] - goblinsanddungeons: 1.0.8
[04:49:19] [modloading-worker-0/INFO] - goblintraders: 1.8.0
[04:49:19] [modloading-worker-0/INFO] - guardvillagers: 1.4.4
[04:49:19] [modloading-worker-0/INFO] - habitat: 1.1.5
[04:49:19] [modloading-worker-0/INFO] - hardermonsterboats: 39.1.1.0
[04:49:19] [modloading-worker-0/INFO] - hexerei: 0.2.2
[04:49:19] [modloading-worker-0/INFO] - highlighter: 1.1.2
[04:49:19] [modloading-worker-0/INFO] - humancompanions: 1.18.2-1.7.3
[04:49:19] [modloading-worker-0/INFO] - hunterillager: 1.18.2-4.0.1
[04:49:19] [modloading-worker-0/INFO] - iceberg: 1.0.49
[04:49:19] [modloading-worker-0/INFO] - idas: 1.6.7+1.18.2
[04:49:19] [modloading-worker-0/INFO] - illageandspillage: 1.1.3
[04:49:19] [modloading-worker-0/INFO] - immersive_weathering: 1.18.2-1.18.2-3.0.3
[04:49:19] [modloading-worker-0/INFO] - impactful: 18.5.7
[04:49:19] [modloading-worker-0/INFO] - improvedmobs: 1.18.2-1.12.1
[04:49:19] [modloading-worker-0/INFO] - incendium: 5.0.8
[04:49:19] [modloading-worker-0/INFO] - incontrol: 1.18-6.1.12
[04:49:19] [modloading-worker-0/INFO] - indestructible: 18.5.10
[04:49:19] [modloading-worker-0/INFO] - infernal: 18.1.9
[04:49:19] [modloading-worker-0/INFO] - infernalexp: 2.5.0
[04:49:19] [modloading-worker-0/INFO] - insanelib: 1.5.3
[04:49:19] [modloading-worker-0/INFO] - integrated_api: 1.2.8+1.18.2
[04:49:19] [modloading-worker-0/INFO] - integrated_stronghold: 1.0.2+1.18.2
[04:49:19] [modloading-worker-0/INFO] - irons_spellbooks: 1.18.2-1.1.4.5
[04:49:19] [modloading-worker-0/INFO] - itemfilters: 1802.2.8-build.50
[04:49:19] [modloading-worker-0/INFO] - itemphysic: 1.6.0
[04:49:19] [modloading-worker-0/INFO] - jade: 5.3.2
[04:49:19] [modloading-worker-0/INFO] - jei: 9.9999
[04:49:19] [modloading-worker-0/INFO] - jeitweaker: 3.0.0.9
[04:49:19] [modloading-worker-0/INFO] - jet_and_elias_armors: 1.0.0
[04:49:19] [modloading-worker-0/INFO] - journeymap: 5.9.8
[04:49:19] [modloading-worker-0/INFO] - jumpboat: 1.18.2-0.1.0.3
[04:49:19] [modloading-worker-0/INFO] - kobolds: 2.9.3
[04:49:19] [modloading-worker-0/INFO] - konkrete: 1.8.0
[04:49:19] [modloading-worker-0/INFO] - krypton: 0.1.10-SNAPSHOT
[04:49:19] [modloading-worker-0/INFO] - libertyvillagers: 2.0.0+forge+1.18.2
[04:49:19] [modloading-worker-0/INFO] - libraryferret: 3.0.0
[04:49:19] [modloading-worker-0/INFO] - libx: 1.18.2-3.2.19
[04:49:19] [modloading-worker-0/INFO] - lilwings: 1.2.4
[04:49:19] [modloading-worker-0/INFO] - limitedchunks: 1.8
[04:49:19] [modloading-worker-0/INFO] - logbegone: 1.0.4
[04:49:19] [modloading-worker-0/INFO] - logprot: 1.4
[04:49:19] [modloading-worker-0/INFO] - lootr: 0.3.26.68
[04:49:19] [modloading-worker-0/INFO] - magistuarmory: 8.2
[04:49:19] [modloading-worker-0/INFO] - majruszsdifficulty: 1.8.1
[04:49:19] [modloading-worker-0/INFO] - maxhealthfix: 5.0.4
[04:49:19] [modloading-worker-0/INFO] - medievalmusic: 1.18.2-1.4
[04:49:19] [modloading-worker-0/INFO] - meetyourfight: 1.18.2-1.2.5
[04:49:19] [modloading-worker-0/INFO] - melody: 1.0.1
[04:49:19] [modloading-worker-0/INFO] - mimic: 1.1.32
[04:49:19] [modloading-worker-0/INFO] - minecraft: 1.18.2
[04:49:19] [modloading-worker-0/INFO] - mixinextras: 0.3.5
[04:49:19] [modloading-worker-0/INFO] - mixininheaven: 0.0NONE
[04:49:19] [modloading-worker-0/INFO] - mixinsquared: 0.1.2-beta.5
[04:49:19] [modloading-worker-0/INFO] - mlib: 5.1.2
[04:49:19] [modloading-worker-0/INFO] - mobhealthbar: 2.2.0
[04:49:19] [modloading-worker-0/INFO] - modernfix: 5.17.0+mc1.18.2
[04:49:19] [modloading-worker-0/INFO] - monsterplus: 1.0
[04:49:19] [modloading-worker-0/INFO] - morevillagers: 3.2.0
[04:49:19] [modloading-worker-0/INFO] - mowziesmobs: 1.6.3
[04:49:19] [modloading-worker-0/INFO] - mutantmonsters: 3.0.1
[04:49:19] [modloading-worker-0/INFO] - mvs: 3.0.8-1.18.2
[04:49:19] [modloading-worker-0/INFO] - netherportalfix: 9.0.1
[04:49:19] [modloading-worker-0/INFO] - nethersdelight: 2.2
[04:49:19] [modloading-worker-0/INFO] - netherskeletons: 4.8
[04:49:19] [modloading-worker-0/INFO] - nightconfigfixes: 3.0.2
[04:49:19] [modloading-worker-0/INFO] - nourished_nether: 1.1.5
[04:49:19] [modloading-worker-0/INFO] - nyfsquiver: 1.18.1-0.7.0
[04:49:19] [modloading-worker-0/INFO] - ob_core: 3.2.0
[04:49:19] [modloading-worker-0/INFO] - ob_tooltips: 1.4.1
[04:49:19] [modloading-worker-0/INFO] - obscure_api: 10
[04:49:19] [modloading-worker-0/INFO] - orcz: 0.74
[04:49:19] [modloading-worker-0/INFO] - paraglider: 1.7.5
[04:49:19] [modloading-worker-0/INFO] - paraglidersstaminacompats: 0.1.3
[04:49:19] [modloading-worker-0/INFO] - passablefoliage: 4.2.1
[04:49:19] [modloading-worker-0/INFO] - patchouli: 1.18.2-71.1
[04:49:19] [modloading-worker-0/INFO] - piglinproliferation: 1.0.0
[04:49:19] [modloading-worker-0/INFO] - pineapple_delight: 0.0NONE
[04:49:19] [modloading-worker-0/INFO] - placebo: 6.6.7
[04:49:19] [modloading-worker-0/INFO] - playeranimator: 1.0.2+1.18
[04:49:19] [modloading-worker-0/INFO] - plushies: 1.2
[04:49:19] [modloading-worker-0/INFO] - pmmo: 1.18.2-3.69.11
[04:49:19] [modloading-worker-0/INFO] - polylib: 1801.0.2-build.13
[04:49:19] [modloading-worker-0/INFO] - polymorph: 1.18.2-0.50
[04:49:19] [modloading-worker-0/INFO] - presencenotrequired: 1.3.0
[04:49:19] [modloading-worker-0/INFO] - prism: 1.0.1
[04:49:19] [modloading-worker-0/INFO] - progressivebosses: 3.6.8
[04:49:19] [modloading-worker-0/INFO] - puzzleslib: 3.5.8
[04:49:19] [modloading-worker-0/INFO] - quark: 3.2-358
[04:49:19] [modloading-worker-0/INFO] - quest_giver: 1.18.2-1.2.9
[04:49:19] [modloading-worker-0/INFO] - radium: 0.7.10
[04:49:19] [modloading-worker-0/INFO] - recipestages: 3.0.0.10
[04:49:19] [modloading-worker-0/INFO] - redirector: 1.18.2-2.4.0
[04:49:19] [modloading-worker-0/INFO] - rei_plugin_compatibilities: 8.0.89
[04:49:19] [modloading-worker-0/INFO] - reputation: 0.9.9
[04:49:19] [modloading-worker-0/INFO] - restored_earth: 1.4.2
[04:49:19] [modloading-worker-0/INFO] - revamped_phantoms: 0.2.3
[04:49:19] [modloading-worker-0/INFO] - roughlyenoughitems: 8.4.737
[04:49:19] [modloading-worker-0/INFO] - saturn: 0.1.5
[04:49:19] [modloading-worker-0/INFO] - savage_and_ravage: 4.0.1
[04:49:19] [modloading-worker-0/INFO] - scattered_weapons: 1.0.0
[04:49:19] [modloading-worker-0/INFO] - secondchanceforge: 1.5.0
[04:49:19] [modloading-worker-0/INFO] - selene: 1.18.2-1.17.14
[04:49:19] [modloading-worker-0/INFO] - sereneseasons: 1.18.2-7.0.0.13
[04:49:19] [modloading-worker-0/INFO] - shrines: 1.18.2-4.1.0
[04:49:19] [modloading-worker-0/INFO] - simple_mobs: 1.3.6
[04:49:19] [modloading-worker-0/INFO] - simplebackups: 1.18.2-1.1.14
[04:49:19] [modloading-worker-0/INFO] - smoothchunk: 1.18.2-1.9
[04:49:19] [modloading-worker-0/INFO] - solapplepie: 1.18.2-1.0.4
[04:49:19] [modloading-worker-0/INFO] - sophisticatedbackpacks: 1.18.2-3.20.2.1036
[04:49:19] [modloading-worker-0/INFO] - sophisticatedcore: 1.18.2-0.6.4.586
[04:49:19] [modloading-worker-0/INFO] - sound_physics_remastered: 1.18.2-1.0.6
[04:49:19] [modloading-worker-0/INFO] - spark: 1.10.38
[04:49:19] [modloading-worker-0/INFO] - spyglass_improvements: 1.5+mc1.18.2+forge
[04:49:19] [modloading-worker-0/INFO] - stackablepotions: 1.0.0
[04:49:19] [modloading-worker-0/INFO] - starlight: 1.0.2+forge.83663de
[04:49:19] [modloading-worker-0/INFO] - storagedrawers: 10.2.1
[04:49:19] [modloading-worker-0/INFO] - structory: 0.0NONE
[04:49:19] [modloading-worker-0/INFO] - structure_gel: 2.4.7
[04:49:19] [modloading-worker-0/INFO] - supermartijn642configlib: 1.1.8
[04:49:19] [modloading-worker-0/INFO] - supermartijn642corelib: 1.1.17
[04:49:19] [modloading-worker-0/INFO] - supplementaries: 1.18.2-1.5.18
[04:49:19] [modloading-worker-0/INFO] - sword_soaring: 18.1.11.9
[04:49:19] [modloading-worker-0/INFO] - tcdcommons: 2.2+1.18.2
[04:49:19] [modloading-worker-0/INFO] - tenshilib: 1.18.2-1.7.4
[04:49:19] [modloading-worker-0/INFO] - terrablender: 1.2.0.126
[04:49:19] [modloading-worker-0/INFO] - terralith: 2.2.6
[04:49:19] [modloading-worker-0/INFO] - timeout_fixes: 1.18.1-1.0.0
[04:49:19] [modloading-worker-0/INFO] - tinyskeletons: 3.3.1
[04:49:19] [modloading-worker-0/INFO] - tlc: 1.0.1
[04:49:19] [modloading-worker-0/INFO] - toofast: 0.0.1.2
[04:49:19] [modloading-worker-0/INFO] - treechop: 0.17.7
[04:49:19] [modloading-worker-0/INFO] - tumbleweed: 1.18-0.5.4
[04:49:19] [modloading-worker-0/INFO] - undead_revamp2: 1.0.1
[04:49:19] [modloading-worker-0/INFO] - untamedwilds: 2.4.3
[04:49:19] [modloading-worker-0/INFO] - villagercomfort: 1.18.2-1.0.0
[04:49:19] [modloading-worker-0/INFO] - villagernames: 7.0
[04:49:19] [modloading-worker-0/INFO] - waila: 5.3.2
[04:49:19] [modloading-worker-0/INFO] - waystones: 10.2.2
[04:49:19] [modloading-worker-0/INFO] - wildbackport: 1.2.3
[04:49:19] [modloading-worker-0/INFO] - wom: 18.1.7.38
[04:49:19] [modloading-worker-0/INFO] - yungsapi: 1.18.2-Forge-2.2.9
[04:49:19] [modloading-worker-0/INFO] - yungsbridges: 1.18.2-Forge-2.1.0
[04:49:19] [modloading-worker-0/INFO] - yungsextras: 1.18.2-Forge-2.1.0
[04:49:19] [modloading-worker-0/INFO] - zensummoning: 1.3.8
[04:49:19] [modloading-worker-0/INFO] ========================================
[04:49:20] [modloading-worker-0/INFO] [REI] Registered plugin provider DefaultPluginImpl [roughlyenoughitems] for REIServerPlugin
[04:49:20] [modloading-worker-0/INFO] [REI] Registered plugin provider DefaultPluginImpl [roughlyenoughitems] for REIPlugin
[04:49:20] [modloading-worker-0/INFO] [REI] Registered plugin provider DefaultRuntimePlugin [roughlyenoughitems] for REIServerPlugin
[04:49:20] [modloading-worker-0/INFO] [REI] Registered plugin provider DefaultRuntimePlugin [roughlyenoughitems] for REIPlugin
[04:49:46] [Worker-Main-6/DEBUG] [REI] Processed 0 tags in 24.69 μs for minecraft:dimension_type
[04:49:46] [Worker-Main-6/DEBUG] [REI] Processed 0 tags in 12.14 μs for shrines:random_variation/material
[04:49:46] [Worker-Main-5/DEBUG] [REI] Processed 0 tags in 105.2 μs for minecraft:worldgen/configured_structure_feature
[04:49:46] [Worker-Main-4/DEBUG] [REI] Processed 5 tags in 1.024 ms for minecraft:game_event
[04:49:46] [Worker-Main-5/DEBUG] [REI] Processed 13 tags in 69.05 μs for minecraft:fluid
[04:49:46] [Worker-Main-6/DEBUG] [REI] Processed 0 tags in 139.0 μs for minecraft:worldgen/biome
[04:49:46] [Worker-Main-5/DEBUG] [REI] Processed 108 tags in 828.1 μs for minecraft:entity_type
[04:49:46] [Worker-Main-4/DEBUG] [REI] Processed 739 tags in 7.586 ms for minecraft:block
[04:49:46] [Worker-Main-4/DEBUG] [REI] Processed 1 tags in 11.96 μs for minecraft:recipe_serializer
[04:49:46] [Worker-Main-6/DEBUG] [REI] Processed 852 tags in 4.326 ms for minecraft:item
[04:49:46] [Worker-Main-4/DEBUG] [REI] Processed 1 tags in 30.01 μs for minecraft:worldgen/structure_feature
[04:49:57] [Worker-Main-5/DEBUG] [REI] ========================================
[04:49:57] [Worker-Main-5/DEBUG] [REI] REIPlugin starting pre-reload for START.
[04:49:57] [Worker-Main-5/DEBUG] [REI] Reloadables (7):
[04:49:57] [Worker-Main-5/DEBUG] [REI]  - EntryTypeRegistryImpl
[04:49:57] [Worker-Main-5/DEBUG] [REI]  - EntrySettingsAdapterRegistryImpl
[04:49:57] [Worker-Main-5/DEBUG] [REI]  - RecipeManagerContextImpl
[04:49:57] [Worker-Main-5/DEBUG] [REI]  - ItemComparatorRegistryImpl
[04:49:57] [Worker-Main-5/DEBUG] [REI]  - FluidComparatorRegistryImpl
[04:49:57] [Worker-Main-5/DEBUG] [REI]  - DisplaySerializerRegistryImpl
[04:49:57] [Worker-Main-5/DEBUG] [REI]  - FluidSupportProviderImpl
[04:49:57] [Worker-Main-5/DEBUG] [REI] Plugins (2):
[04:49:57] [Worker-Main-5/DEBUG] [REI]  - (-100.00) DefaultPluginImpl of DefaultPluginImpl [roughlyenoughitems]
[04:49:57] [Worker-Main-5/DEBUG] [REI]  - (0.00) DefaultRuntimePlugin of DefaultRuntimePlugin [roughlyenoughitems]
[04:49:57] [Worker-Main-5/DEBUG] [REI] ========================================
[04:49:57] [Worker-Main-5/TRACE] [REI] [REIPlugin START] Reloading Section: "pre-register/"
[04:49:57] [Worker-Main-5/TRACE] [REI] [REIPlugin START] Reloading Section: "pre-register/DefaultPluginImpl of DefaultPluginImpl [roughlyenoughitems]/"
[04:49:57] [Worker-Main-5/TRACE] [REI] [REIPlugin START] Reloading Section: "pre-register/DefaultPluginImpl of DefaultPluginImpl [roughlyenoughitems]/" done in 867.6 μs
[04:49:57] [Worker-Main-5/TRACE] [REI] [REIPlugin START] Reloading Section: "pre-register/DefaultRuntimePlugin of DefaultRuntimePlugin [roughlyenoughitems]/"
[04:49:57] [Worker-Main-5/TRACE] [REI] [REIPlugin START] Reloading Section: "pre-register/DefaultRuntimePlugin of DefaultRuntimePlugin [roughlyenoughitems]/" done in 14.07 μs
[04:49:57] [Worker-Main-5/TRACE] [REI] [REIPlugin START] Reloading Section: "pre-register/" done in 24.20 ms
[04:49:57] [Worker-Main-5/TRACE] [REI] [REIPlugin START] Reloading Section: "pre-stage/"
[04:49:57] [Worker-Main-5/TRACE] [REI] [REIPlugin START] Reloading Section: "pre-stage/EntryTypeRegistryImpl/"
[04:49:57] [Worker-Main-5/TRACE] [REI] [REIPlugin START] Reloading Section: "pre-stage/EntryTypeRegistryImpl/" done in 182.9 μs
[04:49:57] [Worker-Main-5/TRACE] [REI] [REIPlugin START] Reloading Section: "pre-stage/EntrySettingsAdapterRegistryImpl/"
[04:49:57] [Worker-Main-5/TRACE] [REI] [REIPlugin START] Reloading Section: "pre-stage/EntrySettingsAdapterRegistryImpl/" done in 6.051 μs
[04:49:57] [Worker-Main-5/TRACE] [REI] [REIPlugin START] Reloading Section: "pre-stage/RecipeManagerContextImpl/"
[04:49:57] [Worker-Main-5/TRACE] [REI] [REIPlugin START] Reloading Section: "pre-stage/RecipeManagerContextImpl/" done in 4.930 μs
[04:49:57] [Worker-Main-5/TRACE] [REI] [REIPlugin START] Reloading Section: "pre-stage/ItemComparatorRegistryImpl/"
[04:49:57] [Worker-Main-5/TRACE] [REI] [REIPlugin START] Reloading Section: "pre-stage/ItemComparatorRegistryImpl/" done in 4.749 μs
[04:49:57] [Worker-Main-5/TRACE] [REI] [REIPlugin START] Reloading Section: "pre-stage/FluidComparatorRegistryImpl/"
[04:49:57] [Worker-Main-5/TRACE] [REI] [REIPlugin START] Reloading Section: "pre-stage/FluidComparatorRegistryImpl/" done in 4.729 μs
[04:49:57] [Worker-Main-5/TRACE] [REI] [REIPlugin START] Reloading Section: "pre-stage/DisplaySerializerRegistryImpl/"
[04:49:57] [Worker-Main-5/TRACE] [REI] [REIPlugin START] Reloading Section: "pre-stage/DisplaySerializerRegistryImpl/" done in 4.438 μs
[04:49:57] [Worker-Main-5/TRACE] [REI] [REIPlugin START] Reloading Section: "pre-stage/FluidSupportProviderImpl/"
[04:49:57] [Worker-Main-5/TRACE] [REI] [REIPlugin START] Reloading Section: "pre-stage/FluidSupportProviderImpl/" done in 4.539 μs
[04:49:57] [Worker-Main-5/TRACE] [REI] [REIPlugin START] Reloading Section: "pre-stage/" done in 846.8 μs
[04:49:57] [Worker-Main-5/DEBUG] [REI] ========================================
[04:49:57] [Worker-Main-5/DEBUG] [REI] REIPlugin finished pre-reload for START in 34.96 ms.
[04:49:57] [Worker-Main-5/DEBUG] [REI] ========================================
[04:49:57] [Worker-Main-5/DEBUG] [REI] ========================================
[04:49:57] [Worker-Main-5/DEBUG] [REI] REIServerPlugin starting pre-reload for START.
[04:49:57] [Worker-Main-5/DEBUG] [REI] Reloadables (2):
[04:49:57] [Worker-Main-5/DEBUG] [REI]  - MenuInfoRegistryImpl
[04:49:57] [Worker-Main-5/DEBUG] [REI]  - SlotAccessorRegistryImpl
[04:49:57] [Worker-Main-5/DEBUG] [REI] Plugins (2):
[04:49:57] [Worker-Main-5/DEBUG] [REI]  - (-100.00) DefaultPluginImpl of DefaultPluginImpl [roughlyenoughitems]
[04:49:57] [Worker-Main-5/DEBUG] [REI]  - (0.00) DefaultRuntimePlugin of DefaultRuntimePlugin [roughlyenoughitems]
[04:49:57] [Worker-Main-5/DEBUG] [REI] ========================================
[04:49:57] [Worker-Main-5/TRACE] [REI] [REIServerPlugin START] Reloading Section: "pre-register/"
[04:49:57] [Worker-Main-5/TRACE] [REI] [REIServerPlugin START] Reloading Section: "pre-register/DefaultPluginImpl of DefaultPluginImpl [roughlyenoughitems]/"
[04:49:57] [Worker-Main-5/TRACE] [REI] [REIServerPlugin START] Reloading Section: "pre-register/DefaultPluginImpl of DefaultPluginImpl [roughlyenoughitems]/" done in 14.44 μs
[04:49:57] [Worker-Main-5/TRACE] [REI] [REIServerPlugin START] Reloading Section: "pre-register/DefaultRuntimePlugin of DefaultRuntimePlugin [roughlyenoughitems]/"
[04:49:57] [Worker-Main-5/TRACE] [REI] [REIServerPlugin START] Reloading Section: "pre-register/DefaultRuntimePlugin of DefaultRuntimePlugin [roughlyenoughitems]/" done in 7.604 μs
[04:49:57] [Worker-Main-5/TRACE] [REI] [REIServerPlugin START] Reloading Section: "pre-register/" done in 239.3 μs
[04:49:57] [Worker-Main-5/TRACE] [REI] [REIServerPlugin START] Reloading Section: "pre-stage/"
[04:49:57] [Worker-Main-5/TRACE] [REI] [REIServerPlugin START] Reloading Section: "pre-stage/MenuInfoRegistryImpl/"
[04:49:57] [Worker-Main-5/TRACE] [REI] [REIServerPlugin START] Reloading Section: "pre-stage/MenuInfoRegistryImpl/" done in 5.921 μs
[04:49:57] [Worker-Main-5/TRACE] [REI] [REIServerPlugin START] Reloading Section: "pre-stage/SlotAccessorRegistryImpl/"
[04:49:57] [Worker-Main-5/TRACE] [REI] [REIServerPlugin START] Reloading Section: "pre-stage/SlotAccessorRegistryImpl/" done in 4.939 μs
[04:49:57] [Worker-Main-5/TRACE] [REI] [REIServerPlugin START] Reloading Section: "pre-stage/" done in 163.5 μs
[04:49:57] [Worker-Main-5/DEBUG] [REI] ========================================
[04:49:57] [Worker-Main-5/DEBUG] [REI] REIServerPlugin finished pre-reload for START in 556.6 μs.
[04:49:57] [Worker-Main-5/DEBUG] [REI] ========================================
[04:49:57] [Worker-Main-5/INFO] [REI] ----------------------------------------
[04:49:57] [Worker-Main-5/INFO] [REI] REIPlugin starting main-reload for START.
[04:49:57] [Worker-Main-5/DEBUG] [REI] Reloadables (7):
[04:49:57] [Worker-Main-5/DEBUG] [REI]  - EntryTypeRegistryImpl
[04:49:57] [Worker-Main-5/DEBUG] [REI]  - EntrySettingsAdapterRegistryImpl
[04:49:57] [Worker-Main-5/DEBUG] [REI]  - RecipeManagerContextImpl
[04:49:57] [Worker-Main-5/DEBUG] [REI]  - ItemComparatorRegistryImpl
[04:49:57] [Worker-Main-5/DEBUG] [REI]  - FluidComparatorRegistryImpl
[04:49:57] [Worker-Main-5/DEBUG] [REI]  - DisplaySerializerRegistryImpl
[04:49:57] [Worker-Main-5/DEBUG] [REI]  - FluidSupportProviderImpl
[04:49:57] [Worker-Main-5/INFO] [REI] Plugins (2):
[04:49:57] [Worker-Main-5/INFO] [REI]  - (-100.00) DefaultPluginImpl of DefaultPluginImpl [roughlyenoughitems]
[04:49:57] [Worker-Main-5/INFO] [REI]  - (0.00) DefaultRuntimePlugin of DefaultRuntimePlugin [roughlyenoughitems]
[04:49:57] [Worker-Main-5/INFO] [REI] ----------------------------------------
[04:49:57] [Worker-Main-5/TRACE] [REI] [REIPlugin START] Reloading Section: "start-reload/"
[04:49:57] [Worker-Main-5/TRACE] [REI] [REIPlugin START] Reloading Section: "start-reload/EntryTypeRegistryImpl/"
[04:49:57] [Worker-Main-5/TRACE] [REI] [REIPlugin START] Reloading Section: "start-reload/EntryTypeRegistryImpl/" done in 83.54 μs
[04:49:57] [Worker-Main-5/TRACE] [REI] [REIPlugin START] Reloading Section: "start-reload/EntrySettingsAdapterRegistryImpl/"
[04:49:57] [Worker-Main-5/TRACE] [REI] [REIPlugin START] Reloading Section: "start-reload/EntrySettingsAdapterRegistryImpl/" done in 12.89 μs
[04:49:57] [Worker-Main-5/TRACE] [REI] [REIPlugin START] Reloading Section: "start-reload/RecipeManagerContextImpl/"
[04:49:57] [Worker-Main-5/TRACE] [REI] [REIPlugin START] Reloading Section: "start-reload/RecipeManagerContextImpl/" done in 5.932 μs
[04:49:57] [Worker-Main-5/TRACE] [REI] [REIPlugin START] Reloading Section: "start-reload/ItemComparatorRegistryImpl/"
[04:49:57] [Worker-Main-5/TRACE] [REI] [REIPlugin START] Reloading Section: "start-reload/ItemComparatorRegistryImpl/" done in 27.86 μs
[04:49:57] [Worker-Main-5/TRACE] [REI] [REIPlugin START] Reloading Section: "start-reload/FluidComparatorRegistryImpl/"
[04:49:57] [Worker-Main-5/TRACE] [REI] [REIPlugin START] Reloading Section: "start-reload/FluidComparatorRegistryImpl/" done in 8.807 μs
[04:49:57] [Worker-Main-5/TRACE] [REI] [REIPlugin START] Reloading Section: "start-reload/DisplaySerializerRegistryImpl/"
[04:49:57] [Worker-Main-5/TRACE] [REI] [REIPlugin START] Reloading Section: "start-reload/DisplaySerializerRegistryImpl/" done in 5.481 μs
[04:49:57] [Worker-Main-5/TRACE] [REI] [REIPlugin START] Reloading Section: "start-reload/FluidSupportProviderImpl/"
[04:49:57] [Worker-Main-5/TRACE] [REI] [REIPlugin START] Reloading Section: "start-reload/FluidSupportProviderImpl/" done in 26.18 μs
[04:49:57] [Worker-Main-5/TRACE] [REI] [REIPlugin START] Reloading Section: "start-reload/" done in 914.3 μs
[04:49:57] [Worker-Main-5/DEBUG] [REI] ========================================
[04:49:57] [Worker-Main-5/DEBUG] [REI] REIPlugin started main-reload for START.
[04:49:57] [Worker-Main-5/DEBUG] [REI] ========================================
[04:49:57] [Worker-Main-5/TRACE] [REI] [REIPlugin START] Reloading Section: "reloadable-plugin/EntryTypeRegistryImpl/"
[04:49:57] [Worker-Main-5/TRACE] [REI] [REIPlugin START] Reloading Section: "reloadable-plugin/EntryTypeRegistryImpl/DefaultPluginImpl of DefaultPluginImpl [roughlyenoughitems]/"
[04:49:57] [Worker-Main-5/TRACE] [REI] [REIPlugin START] Reloading Section: "reloadable-plugin/EntryTypeRegistryImpl/DefaultPluginImpl of DefaultPluginImpl [roughlyenoughitems]/" done in 270.9 μs
[04:49:57] [Worker-Main-5/TRACE] [REI] [REIPlugin START] Reloading Section: "reloadable-plugin/EntryTypeRegistryImpl/DefaultRuntimePlugin of DefaultRuntimePlugin [roughlyenoughitems]/"
[04:49:57] [Worker-Main-5/TRACE] [REI] [REIPlugin START] Reloading Section: "reloadable-plugin/EntryTypeRegistryImpl/DefaultRuntimePlugin of DefaultRuntimePlugin [roughlyenoughitems]/" done in 19.36 ms
[04:49:57] [Worker-Main-5/TRACE] [REI] [REIPlugin START] Reloading Section: "reloadable-plugin/EntryTypeRegistryImpl/" done in 26.64 ms
[04:49:57] [Worker-Main-5/TRACE] [REI] [REIPlugin START] Reloading Section: "reloadable-plugin/EntrySettingsAdapterRegistryImpl/"
[04:49:57] [Worker-Main-5/TRACE] [REI] [REIPlugin START] Reloading Section: "reloadable-plugin/EntrySettingsAdapterRegistryImpl/DefaultPluginImpl of DefaultPluginImpl [roughlyenoughitems]/"
[04:49:57] [Worker-Main-5/TRACE] [REI] [REIPlugin START] Reloading Section: "reloadable-plugin/EntrySettingsAdapterRegistryImpl/DefaultPluginImpl of DefaultPluginImpl [roughlyenoughitems]/" done in 15.42 μs
[04:49:57] [Worker-Main-5/TRACE] [REI] [REIPlugin START] Reloading Section: "reloadable-plugin/EntrySettingsAdapterRegistryImpl/DefaultRuntimePlugin of DefaultRuntimePlugin [roughlyenoughitems]/"
[04:49:57] [Worker-Main-5/TRACE] [REI] [REIPlugin START] Reloading Section: "reloadable-plugin/EntrySettingsAdapterRegistryImpl/DefaultRuntimePlugin of DefaultRuntimePlugin [roughlyenoughitems]/" done in 10.95 μs
[04:49:57] [Worker-Main-5/TRACE] [REI] [REIPlugin START] Reloading Section: "reloadable-plugin/EntrySettingsAdapterRegistryImpl/" done in 245.8 μs
[04:49:57] [Worker-Main-5/TRACE] [REI] [REIPlugin START] Reloading Section: "reloadable-plugin/RecipeManagerContextImpl/"
[04:49:57] [Worker-Main-5/TRACE] [REI] [REIPlugin START] Reloading Section: "reloadable-plugin/RecipeManagerContextImpl/DefaultPluginImpl of DefaultPluginImpl [roughlyenoughitems]/"
[04:49:57] [Worker-Main-5/TRACE] [REI] [REIPlugin START] Reloading Section: "reloadable-plugin/RecipeManagerContextImpl/DefaultPluginImpl of DefaultPluginImpl [roughlyenoughitems]/" done in 9.458 μs
[04:49:57] [Worker-Main-5/TRACE] [REI] [REIPlugin START] Reloading Section: "reloadable-plugin/RecipeManagerContextImpl/DefaultRuntimePlugin of DefaultRuntimePlugin [roughlyenoughitems]/"
[04:49:57] [Worker-Main-5/TRACE] [REI] [REIPlugin START] Reloading Section: "reloadable-plugin/RecipeManagerContextImpl/DefaultRuntimePlugin of DefaultRuntimePlugin [roughlyenoughitems]/" done in 9.287 μs
[04:49:57] [Worker-Main-5/TRACE] [REI] [REIPlugin START] Reloading Section: "reloadable-plugin/RecipeManagerContextImpl/" done in 205.4 μs
[04:49:57] [Worker-Main-5/TRACE] [REI] [REIPlugin START] Reloading Section: "reloadable-plugin/ItemComparatorRegistryImpl/"
[04:49:57] [Worker-Main-5/TRACE] [REI] [REIPlugin START] Reloading Section: "reloadable-plugin/ItemComparatorRegistryImpl/DefaultPluginImpl of DefaultPluginImpl [roughlyenoughitems]/"
[04:49:57] [Worker-Main-5/TRACE] [REI] [REIPlugin START] Reloading Section: "reloadable-plugin/ItemComparatorRegistryImpl/DefaultPluginImpl of DefaultPluginImpl [roughlyenoughitems]/" done in 9.234 ms
[04:49:57] [Worker-Main-5/TRACE] [REI] [REIPlugin START] Reloading Section: "reloadable-plugin/ItemComparatorRegistryImpl/DefaultRuntimePlugin of DefaultRuntimePlugin [roughlyenoughitems]/"
[04:49:57] [Worker-Main-5/TRACE] [REI] [REIPlugin START] Reloading Section: "reloadable-plugin/ItemComparatorRegistryImpl/DefaultRuntimePlugin of DefaultRuntimePlugin [roughlyenoughitems]/" done in 16.69 μs
[04:49:57] [Worker-Main-5/TRACE] [REI] [REIPlugin START] Reloading Section: "reloadable-plugin/ItemComparatorRegistryImpl/" done in 9.620 ms
[04:49:57] [Worker-Main-5/TRACE] [REI] [REIPlugin START] Reloading Section: "reloadable-plugin/FluidComparatorRegistryImpl/"
[04:49:57] [Worker-Main-5/TRACE] [REI] [REIPlugin START] Reloading Section: "reloadable-plugin/FluidComparatorRegistryImpl/DefaultPluginImpl of DefaultPluginImpl [roughlyenoughitems]/"
[04:49:57] [Worker-Main-5/TRACE] [REI] [REIPlugin START] Reloading Section: "reloadable-plugin/FluidComparatorRegistryImpl/DefaultPluginImpl of DefaultPluginImpl [roughlyenoughitems]/" done in 18.91 μs
[04:49:57] [Worker-Main-5/TRACE] [REI] [REIPlugin START] Reloading Section: "reloadable-plugin/FluidComparatorRegistryImpl/DefaultRuntimePlugin of DefaultRuntimePlugin [roughlyenoughitems]/"
[04:49:57] [Worker-Main-5/TRACE] [REI] [REIPlugin START] Reloading Section: "reloadable-plugin/FluidComparatorRegistryImpl/DefaultRuntimePlugin of DefaultRuntimePlugin [roughlyenoughitems]/" done in 10.70 μs
[04:49:57] [Worker-Main-5/TRACE] [REI] [REIPlugin START] Reloading Section: "reloadable-plugin/FluidComparatorRegistryImpl/" done in 222.3 μs
[04:49:57] [Worker-Main-5/TRACE] [REI] [REIPlugin START] Reloading Section: "reloadable-plugin/DisplaySerializerRegistryImpl/"
[04:49:57] [Worker-Main-5/TRACE] [REI] [REIPlugin START] Reloading Section: "reloadable-plugin/DisplaySerializerRegistryImpl/DefaultPluginImpl of DefaultPluginImpl [roughlyenoughitems]/"
[04:49:57] [Worker-Main-5/TRACE] [REI] [REIPlugin START] Reloading Section: "reloadable-plugin/DisplaySerializerRegistryImpl/DefaultPluginImpl of DefaultPluginImpl [roughlyenoughitems]/" done in 9.187 μs
[04:49:57] [Worker-Main-5/TRACE] [REI] [REIPlugin START] Reloading Section: "reloadable-plugin/DisplaySerializerRegistryImpl/DefaultRuntimePlugin of DefaultRuntimePlugin [roughlyenoughitems]/"
[04:49:57] [Worker-Main-5/TRACE] [REI] [REIPlugin START] Reloading Section: "reloadable-plugin/DisplaySerializerRegistryImpl/DefaultRuntimePlugin of DefaultRuntimePlugin [roughlyenoughitems]/" done in 27.58 μs
[04:49:57] [Worker-Main-5/TRACE] [REI] [REIPlugin START] Reloading Section: "reloadable-plugin/DisplaySerializerRegistryImpl/" done in 251.8 μs
[04:49:57] [Worker-Main-5/TRACE] [REI] [REIPlugin START] Reloading Section: "reloadable-plugin/FluidSupportProviderImpl/"
[04:49:57] [Worker-Main-5/TRACE] [REI] [REIPlugin START] Reloading Section: "reloadable-plugin/FluidSupportProviderImpl/DefaultPluginImpl of DefaultPluginImpl [roughlyenoughitems]/"
[04:49:57] [Worker-Main-5/TRACE] [REI] [REIPlugin START] Reloading Section: "reloadable-plugin/FluidSupportProviderImpl/DefaultPluginImpl of DefaultPluginImpl [roughlyenoughitems]/" done in 572.5 μs
[04:49:57] [Worker-Main-5/TRACE] [REI] [REIPlugin START] Reloading Section: "reloadable-plugin/FluidSupportProviderImpl/DefaultRuntimePlugin of DefaultRuntimePlugin [roughlyenoughitems]/"
[04:49:57] [Worker-Main-5/TRACE] [REI] [REIPlugin START] Reloading Section: "reloadable-plugin/FluidSupportProviderImpl/DefaultRuntimePlugin of DefaultRuntimePlugin [roughlyenoughitems]/" done in 12.56 μs
[04:49:57] [Worker-Main-5/TRACE] [REI] [REIPlugin START] Reloading Section: "reloadable-plugin/FluidSupportProviderImpl/" done in 814.1 μs
[04:49:57] [Worker-Main-5/DEBUG] [REI] ========================================
[04:49:57] [Worker-Main-5/DEBUG] [REI] REIPlugin ending main-reload for START.
[04:49:57] [Worker-Main-5/DEBUG] [REI] ========================================
[04:49:57] [Worker-Main-5/TRACE] [REI] [REIPlugin START] Reloading Section: "end-reload/"
[04:49:57] [Worker-Main-5/TRACE] [REI] [REIPlugin START] Reloading Section: "end-reload/EntryTypeRegistryImpl/"
[04:49:57] [Worker-Main-5/TRACE] [REI] [REIPlugin START] Reloading Section: "end-reload/EntryTypeRegistryImpl/" done in 13.54 μs
[04:49:57] [Worker-Main-5/TRACE] [REI] [REIPlugin START] Reloading Section: "end-reload/EntrySettingsAdapterRegistryImpl/"
[04:49:57] [Worker-Main-5/TRACE] [REI] [REIPlugin START] Reloading Section: "end-reload/EntrySettingsAdapterRegistryImpl/" done in 5.490 μs
[04:49:57] [Worker-Main-5/TRACE] [REI] [REIPlugin START] Reloading Section: "end-reload/RecipeManagerContextImpl/"
[04:49:57] [Worker-Main-5/TRACE] [REI] [REIPlugin START] Reloading Section: "end-reload/RecipeManagerContextImpl/" done in 4.789 μs
[04:49:57] [Worker-Main-5/TRACE] [REI] [REIPlugin START] Reloading Section: "end-reload/ItemComparatorRegistryImpl/"
[04:49:57] [Worker-Main-5/TRACE] [REI] [REIPlugin START] Reloading Section: "end-reload/ItemComparatorRegistryImpl/" done in 4.519 μs
[04:49:57] [Worker-Main-5/TRACE] [REI] [REIPlugin START] Reloading Section: "end-reload/FluidComparatorRegistryImpl/"
[04:49:57] [Worker-Main-5/TRACE] [REI] [REIPlugin START] Reloading Section: "end-reload/FluidComparatorRegistryImpl/" done in 4.448 μs
[04:49:57] [Worker-Main-5/TRACE] [REI] [REIPlugin START] Reloading Section: "end-reload/DisplaySerializerRegistryImpl/"
[04:49:57] [Worker-Main-5/TRACE] [REI] [REIPlugin START] Reloading Section: "end-reload/DisplaySerializerRegistryImpl/" done in 4.318 μs
[04:49:57] [Worker-Main-5/TRACE] [REI] [REIPlugin START] Reloading Section: "end-reload/FluidSupportProviderImpl/"
[04:49:57] [Worker-Main-5/TRACE] [REI] [REIPlugin START] Reloading Section: "end-reload/FluidSupportProviderImpl/" done in 4.628 μs
[04:49:57] [Worker-Main-5/TRACE] [REI] [REIPlugin START] Reloading Section: "end-reload/" done in 613.3 μs
[04:49:57] [Worker-Main-5/DEBUG] [REI] ========================================
[04:49:57] [Worker-Main-5/DEBUG] [REI] REIPlugin ended main-reload for START in 49.07 ms.
[04:49:57] [Worker-Main-5/DEBUG] [REI] ========================================
[04:49:57] [Worker-Main-5/INFO] [REI] ========================================
[04:49:57] [Worker-Main-5/INFO] [REI] REIServerPlugin starting main-reload for START.
[04:49:57] [Worker-Main-5/DEBUG] [REI] Reloadables (2):
[04:49:57] [Worker-Main-5/DEBUG] [REI]  - MenuInfoRegistryImpl
[04:49:57] [Worker-Main-5/DEBUG] [REI]  - SlotAccessorRegistryImpl
[04:49:57] [Worker-Main-5/INFO] [REI] Plugins (2):
[04:49:57] [Worker-Main-5/INFO] [REI]  - (-100.00) DefaultPluginImpl of DefaultPluginImpl [roughlyenoughitems]
[04:49:57] [Worker-Main-5/INFO] [REI]  - (0.00) DefaultRuntimePlugin of DefaultRuntimePlugin [roughlyenoughitems]
[04:49:57] [Worker-Main-5/INFO] [REI] ========================================
[04:49:57] [Worker-Main-5/TRACE] [REI] [REIServerPlugin START] Reloading Section: "start-reload/"
[04:49:57] [Worker-Main-5/TRACE] [REI] [REIServerPlugin START] Reloading Section: "start-reload/MenuInfoRegistryImpl/"
[04:49:57] [Worker-Main-5/TRACE] [REI] [REIServerPlugin START] Reloading Section: "start-reload/MenuInfoRegistryImpl/" done in 6.462 μs
[04:49:57] [Worker-Main-5/TRACE] [REI] [REIServerPlugin START] Reloading Section: "start-reload/SlotAccessorRegistryImpl/"
[04:49:57] [Worker-Main-5/TRACE] [REI] [REIServerPlugin START] Reloading Section: "start-reload/SlotAccessorRegistryImpl/" done in 5.440 μs
[04:49:57] [Worker-Main-5/TRACE] [REI] [REIServerPlugin START] Reloading Section: "start-reload/" done in 165.6 μs
[04:49:57] [Worker-Main-5/DEBUG] [REI] ========================================
[04:49:57] [Worker-Main-5/DEBUG] [REI] REIServerPlugin started main-reload for START.
[04:49:57] [Worker-Main-5/DEBUG] [REI] ========================================
[04:49:57] [Worker-Main-5/TRACE] [REI] [REIServerPlugin START] Reloading Section: "reloadable-plugin/MenuInfoRegistryImpl/"
[04:49:57] [Worker-Main-5/TRACE] [REI] [REIServerPlugin START] Reloading Section: "reloadable-plugin/MenuInfoRegistryImpl/DefaultPluginImpl of DefaultPluginImpl [roughlyenoughitems]/"
[04:49:57] [Worker-Main-5/TRACE] [REI] [REIServerPlugin START] Reloading Section: "reloadable-plugin/MenuInfoRegistryImpl/DefaultPluginImpl of DefaultPluginImpl [roughlyenoughitems]/" done in 8.006 μs
[04:49:57] [Worker-Main-5/TRACE] [REI] [REIServerPlugin START] Reloading Section: "reloadable-plugin/MenuInfoRegistryImpl/DefaultRuntimePlugin of DefaultRuntimePlugin [roughlyenoughitems]/"
[04:49:57] [Worker-Main-5/TRACE] [REI] [REIServerPlugin START] Reloading Section: "reloadable-plugin/MenuInfoRegistryImpl/DefaultRuntimePlugin of DefaultRuntimePlugin [roughlyenoughitems]/" done in 8.026 μs
[04:49:57] [Worker-Main-5/TRACE] [REI] [REIServerPlugin START] Reloading Section: "reloadable-plugin/MenuInfoRegistryImpl/" done in 181.5 μs
[04:49:57] [Worker-Main-5/TRACE] [REI] [REIServerPlugin START] Reloading Section: "reloadable-plugin/SlotAccessorRegistryImpl/"
[04:49:57] [Worker-Main-5/TRACE] [REI] [REIServerPlugin START] Reloading Section: "reloadable-plugin/SlotAccessorRegistryImpl/DefaultPluginImpl of DefaultPluginImpl [roughlyenoughitems]/"
[04:49:57] [Worker-Main-5/TRACE] [REI] [REIServerPlugin START] Reloading Section: "reloadable-plugin/SlotAccessorRegistryImpl/DefaultPluginImpl of DefaultPluginImpl [roughlyenoughitems]/" done in 6.933 μs
[04:49:57] [Worker-Main-5/TRACE] [REI] [REIServerPlugin START] Reloading Section: "reloadable-plugin/SlotAccessorRegistryImpl/DefaultRuntimePlugin of DefaultRuntimePlugin [roughlyenoughitems]/"
[04:49:57] [Worker-Main-5/TRACE] [REI] [REIServerPlugin START] Reloading Section: "reloadable-plugin/SlotAccessorRegistryImpl/DefaultRuntimePlugin of DefaultRuntimePlugin [roughlyenoughitems]/" done in 8.415 μs
[04:49:57] [Worker-Main-5/TRACE] [REI] [REIServerPlugin START] Reloading Section: "reloadable-plugin/SlotAccessorRegistryImpl/" done in 165.7 μs
[04:49:57] [Worker-Main-5/DEBUG] [REI] ========================================
[04:49:57] [Worker-Main-5/DEBUG] [REI] REIServerPlugin ending main-reload for START.
[04:49:57] [Worker-Main-5/DEBUG] [REI] ========================================
[04:49:57] [Worker-Main-5/TRACE] [REI] [REIServerPlugin START] Reloading Section: "end-reload/"
[04:49:57] [Worker-Main-5/TRACE] [REI] [REIServerPlugin START] Reloading Section: "end-reload/MenuInfoRegistryImpl/"
[04:49:57] [Worker-Main-5/TRACE] [REI] [REIServerPlugin START] Reloading Section: "end-reload/MenuInfoRegistryImpl/" done in 5.660 μs
[04:49:57] [Worker-Main-5/TRACE] [REI] [REIServerPlugin START] Reloading Section: "end-reload/SlotAccessorRegistryImpl/"
[04:49:57] [Worker-Main-5/TRACE] [REI] [REIServerPlugin START] Reloading Section: "end-reload/SlotAccessorRegistryImpl/" done in 4.378 μs
[04:49:57] [Worker-Main-5/TRACE] [REI] [REIServerPlugin START] Reloading Section: "end-reload/" done in 145.6 μs
[04:49:57] [Worker-Main-5/DEBUG] [REI] ========================================
[04:49:57] [Worker-Main-5/DEBUG] [REI] REIServerPlugin ended main-reload for START in 1.330 ms.
[04:49:57] [Worker-Main-5/DEBUG] [REI] ========================================
[04:49:57] [Worker-Main-5/DEBUG] [REI] ========================================
[04:49:57] [Worker-Main-5/DEBUG] [REI] REIPlugin starting post-reload for START.
[04:49:57] [Worker-Main-5/DEBUG] [REI] Reloadables (7):
[04:49:57] [Worker-Main-5/DEBUG] [REI]  - EntryTypeRegistryImpl
[04:49:57] [Worker-Main-5/DEBUG] [REI]  - EntrySettingsAdapterRegistryImpl
[04:49:57] [Worker-Main-5/DEBUG] [REI]  - RecipeManagerContextImpl
[04:49:57] [Worker-Main-5/DEBUG] [REI]  - ItemComparatorRegistryImpl
[04:49:57] [Worker-Main-5/DEBUG] [REI]  - FluidComparatorRegistryImpl
[04:49:57] [Worker-Main-5/DEBUG] [REI]  - DisplaySerializerRegistryImpl
[04:49:57] [Worker-Main-5/DEBUG] [REI]  - FluidSupportProviderImpl
[04:49:57] [Worker-Main-5/DEBUG] [REI] Plugins (2):
[04:49:57] [Worker-Main-5/DEBUG] [REI]  - (-100.00) DefaultPluginImpl of DefaultPluginImpl [roughlyenoughitems]
[04:49:57] [Worker-Main-5/DEBUG] [REI]  - (0.00) DefaultRuntimePlugin of DefaultRuntimePlugin [roughlyenoughitems]
[04:49:57] [Worker-Main-5/DEBUG] [REI] ========================================
[04:49:57] [Worker-Main-5/TRACE] [REI] [REIPlugin START] Reloading Section: "post-register/"
[04:49:57] [Worker-Main-5/TRACE] [REI] [REIPlugin START] Reloading Section: "post-register/DefaultPluginImpl of DefaultPluginImpl [roughlyenoughitems]/"
[04:49:57] [Worker-Main-5/TRACE] [REI] [REIPlugin START] Reloading Section: "post-register/DefaultPluginImpl of DefaultPluginImpl [roughlyenoughitems]/" done in 185.3 μs
[04:49:57] [Worker-Main-5/TRACE] [REI] [REIPlugin START] Reloading Section: "post-register/DefaultRuntimePlugin of DefaultRuntimePlugin [roughlyenoughitems]/"
[04:49:57] [Worker-Main-5/TRACE] [REI] [REIPlugin START] Reloading Section: "post-register/DefaultRuntimePlugin of DefaultRuntimePlugin [roughlyenoughitems]/" done in 9.208 μs
[04:49:57] [Worker-Main-5/TRACE] [REI] [REIPlugin START] Reloading Section: "post-register/" done in 1.192 ms
[04:49:57] [Worker-Main-5/TRACE] [REI] [REIPlugin START] Reloading Section: "post-stage/"
[04:49:57] [Worker-Main-5/TRACE] [REI] [REIPlugin START] Reloading Section: "post-stage/EntryTypeRegistryImpl/"
[04:49:57] [Worker-Main-5/TRACE] [REI] [REIPlugin START] Reloading Section: "post-stage/EntryTypeRegistryImpl/" done in 9.868 μs
[04:49:57] [Worker-Main-5/TRACE] [REI] [REIPlugin START] Reloading Section: "post-stage/EntrySettingsAdapterRegistryImpl/"
[04:49:57] [Worker-Main-5/TRACE] [REI] [REIPlugin START] Reloading Section: "post-stage/EntrySettingsAdapterRegistryImpl/" done in 5.009 μs
[04:49:57] [Worker-Main-5/TRACE] [REI] [REIPlugin START] Reloading Section: "post-stage/RecipeManagerContextImpl/"
[04:49:57] [Worker-Main-5/TRACE] [REI] [REIPlugin START] Reloading Section: "post-stage/RecipeManagerContextImpl/" done in 4.639 μs
[04:49:57] [Worker-Main-5/TRACE] [REI] [REIPlugin START] Reloading Section: "post-stage/ItemComparatorRegistryImpl/"
[04:49:57] [Worker-Main-5/TRACE] [REI] [REIPlugin START] Reloading Section: "post-stage/ItemComparatorRegistryImpl/" done in 4.639 μs
[04:49:57] [Worker-Main-5/TRACE] [REI] [REIPlugin START] Reloading Section: "post-stage/FluidComparatorRegistryImpl/"
[04:49:57] [Worker-Main-5/TRACE] [REI] [REIPlugin START] Reloading Section: "post-stage/FluidComparatorRegistryImpl/" done in 4.177 μs
[04:49:57] [Worker-Main-5/TRACE] [REI] [REIPlugin START] Reloading Section: "post-stage/DisplaySerializerRegistryImpl/"
[04:49:57] [Worker-Main-5/TRACE] [REI] [REIPlugin START] Reloading Section: "post-stage/DisplaySerializerRegistryImpl/" done in 4.829 μs
[04:49:57] [Worker-Main-5/TRACE] [REI] [REIPlugin START] Reloading Section: "post-stage/FluidSupportProviderImpl/"
[04:49:57] [Worker-Main-5/TRACE] [REI] [REIPlugin START] Reloading Section: "post-stage/FluidSupportProviderImpl/" done in 4.859 μs
[04:49:57] [Worker-Main-5/TRACE] [REI] [REIPlugin START] Reloading Section: "post-stage/" done in 628.0 μs
[04:49:57] [Worker-Main-5/DEBUG] [REI] ========================================
[04:49:57] [Worker-Main-5/INFO] [REI] REIPlugin finished post-reload for START in 2.006 ms, totaling 86.02 ms.
[04:49:57] [Worker-Main-5/DEBUG] [REI] ========================================
[04:49:57] [Worker-Main-5/DEBUG] [REI] ========================================
[04:49:57] [Worker-Main-5/DEBUG] [REI] REIServerPlugin starting post-reload for START.
[04:49:57] [Worker-Main-5/DEBUG] [REI] Reloadables (2):
[04:49:57] [Worker-Main-5/DEBUG] [REI]  - MenuInfoRegistryImpl
[04:49:57] [Worker-Main-5/DEBUG] [REI]  - SlotAccessorRegistryImpl
[04:49:57] [Worker-Main-5/DEBUG] [REI] Plugins (2):
[04:49:57] [Worker-Main-5/DEBUG] [REI]  - (-100.00) DefaultPluginImpl of DefaultPluginImpl [roughlyenoughitems]
[04:49:57] [Worker-Main-5/DEBUG] [REI]  - (0.00) DefaultRuntimePlugin of DefaultRuntimePlugin [roughlyenoughitems]
[04:49:57] [Worker-Main-5/DEBUG] [REI] ========================================
[04:49:57] [Worker-Main-5/TRACE] [REI] [REIServerPlugin START] Reloading Section: "post-register/"
[04:49:57] [Worker-Main-5/TRACE] [REI] [REIServerPlugin START] Reloading Section: "post-register/DefaultPluginImpl of DefaultPluginImpl [roughlyenoughitems]/"
[04:49:57] [Worker-Main-5/TRACE] [REI] [REIServerPlugin START] Reloading Section: "post-register/DefaultPluginImpl of DefaultPluginImpl [roughlyenoughitems]/" done in 9.358 μs
[04:49:57] [Worker-Main-5/TRACE] [REI] [REIServerPlugin START] Reloading Section: "post-register/DefaultRuntimePlugin of DefaultRuntimePlugin [roughlyenoughitems]/"
[04:49:57] [Worker-Main-5/TRACE] [REI] [REIServerPlugin START] Reloading Section: "post-register/DefaultRuntimePlugin of DefaultRuntimePlugin [roughlyenoughitems]/" done in 7.224 μs
[04:49:57] [Worker-Main-5/TRACE] [REI] [REIServerPlugin START] Reloading Section: "post-register/" done in 317.9 μs
[04:49:57] [Worker-Main-5/TRACE] [REI] [REIServerPlugin START] Reloading Section: "post-stage/"
[04:49:57] [Worker-Main-5/TRACE] [REI] [REIServerPlugin START] Reloading Section: "post-stage/MenuInfoRegistryImpl/"
[04:49:57] [Worker-Main-5/TRACE] [REI] [REIServerPlugin START] Reloading Section: "post-stage/MenuInfoRegistryImpl/" done in 5.390 μs
[04:49:57] [Worker-Main-5/TRACE] [REI] [REIServerPlugin START] Reloading Section: "post-stage/SlotAccessorRegistryImpl/"
[04:49:57] [Worker-Main-5/TRACE] [REI] [REIServerPlugin START] Reloading Section: "post-stage/SlotAccessorRegistryImpl/" done in 4.418 μs
[04:49:57] [Worker-Main-5/TRACE] [REI] [REIServerPlugin START] Reloading Section: "post-stage/" done in 149.4 μs
[04:49:57] [Worker-Main-5/DEBUG] [REI] ========================================
[04:49:57] [Worker-Main-5/INFO] [REI] REIServerPlugin finished post-reload for START in 636.6 μs, totaling 2.505 ms.
[04:49:57] [Worker-Main-5/DEBUG] [REI] ========================================
[04:49:57] [Worker-Main-5/DEBUG] [REI] ========================================
[04:49:57] [Worker-Main-5/DEBUG] [REI] REIPlugin starting pre-reload for END.
[04:49:57] [Worker-Main-5/DEBUG] [REI] Reloadables (7):
[04:49:57] [Worker-Main-5/DEBUG] [REI]  - EntryTypeRegistryImpl
[04:49:57] [Worker-Main-5/DEBUG] [REI]  - EntrySettingsAdapterRegistryImpl
[04:49:57] [Worker-Main-5/DEBUG] [REI]  - RecipeManagerContextImpl
[04:49:57] [Worker-Main-5/DEBUG] [REI]  - ItemComparatorRegistryImpl
[04:49:57] [Worker-Main-5/DEBUG] [REI]  - FluidComparatorRegistryImpl
[04:49:57] [Worker-Main-5/DEBUG] [REI]  - DisplaySerializerRegistryImpl
[04:49:57] [Worker-Main-5/DEBUG] [REI]  - FluidSupportProviderImpl
[04:49:57] [Worker-Main-5/DEBUG] [REI] Plugins (2):
[04:49:57] [Worker-Main-5/DEBUG] [REI]  - (-100.00) DefaultPluginImpl of DefaultPluginImpl [roughlyenoughitems]
[04:49:57] [Worker-Main-5/DEBUG] [REI]  - (0.00) DefaultRuntimePlugin of DefaultRuntimePlugin [roughlyenoughitems]
[04:49:57] [Worker-Main-5/DEBUG] [REI] ========================================
[04:49:57] [Worker-Main-5/TRACE] [REI] [REIPlugin END] Reloading Section: "pre-register/"
[04:49:57] [Worker-Main-5/TRACE] [REI] [REIPlugin END] Reloading Section: "pre-register/DefaultPluginImpl of DefaultPluginImpl [roughlyenoughitems]/"
[04:49:57] [Worker-Main-5/TRACE] [REI] [REIPlugin END] Reloading Section: "pre-register/DefaultPluginImpl of DefaultPluginImpl [roughlyenoughitems]/" done in 8.676 μs
[04:49:57] [Worker-Main-5/TRACE] [REI] [REIPlugin END] Reloading Section: "pre-register/DefaultRuntimePlugin of DefaultRuntimePlugin [roughlyenoughitems]/"
[04:49:57] [Worker-Main-5/TRACE] [REI] [REIPlugin END] Reloading Section: "pre-register/DefaultRuntimePlugin of DefaultRuntimePlugin [roughlyenoughitems]/" done in 6.552 μs
[04:49:57] [Worker-Main-5/TRACE] [REI] [REIPlugin END] Reloading Section: "pre-register/" done in 190.0 μs
[04:49:57] [Worker-Main-5/TRACE] [REI] [REIPlugin END] Reloading Section: "pre-stage/"
[04:49:57] [Worker-Main-5/TRACE] [REI] [REIPlugin END] Reloading Section: "pre-stage/EntryTypeRegistryImpl/"
[04:49:57] [Worker-Main-5/TRACE] [REI] [REIPlugin END] Reloading Section: "pre-stage/EntryTypeRegistryImpl/" done in 5.921 μs
[04:49:57] [Worker-Main-5/TRACE] [REI] [REIPlugin END] Reloading Section: "pre-stage/EntrySettingsAdapterRegistryImpl/"
[04:49:57] [Worker-Main-5/TRACE] [REI] [REIPlugin END] Reloading Section: "pre-stage/EntrySettingsAdapterRegistryImpl/" done in 5.480 μs
[04:49:57] [Worker-Main-5/TRACE] [REI] [REIPlugin END] Reloading Section: "pre-stage/RecipeManagerContextImpl/"
[04:49:57] [Worker-Main-5/TRACE] [REI] [REIPlugin END] Reloading Section: "pre-stage/RecipeManagerContextImpl/" done in 5.690 μs
[04:49:57] [Worker-Main-5/TRACE] [REI] [REIPlugin END] Reloading Section: "pre-stage/ItemComparatorRegistryImpl/"
[04:49:57] [Worker-Main-5/TRACE] [REI] [REIPlugin END] Reloading Section: "pre-stage/ItemComparatorRegistryImpl/" done in 5.080 μs
[04:49:57] [Worker-Main-5/TRACE] [REI] [REIPlugin END] Reloading Section: "pre-stage/FluidComparatorRegistryImpl/"
[04:49:57] [Worker-Main-5/TRACE] [REI] [REIPlugin END] Reloading Section: "pre-stage/FluidComparatorRegistryImpl/" done in 5.580 μs
[04:49:57] [Worker-Main-5/TRACE] [REI] [REIPlugin END] Reloading Section: "pre-stage/DisplaySerializerRegistryImpl/"
[04:49:57] [Worker-Main-5/TRACE] [REI] [REIPlugin END] Reloading Section: "pre-stage/DisplaySerializerRegistryImpl/" done in 5.100 μs
[04:49:57] [Worker-Main-5/TRACE] [REI] [REIPlugin END] Reloading Section: "pre-stage/FluidSupportProviderImpl/"
[04:49:57] [Worker-Main-5/TRACE] [REI] [REIPlugin END] Reloading Section: "pre-stage/FluidSupportProviderImpl/" done in 5.260 μs
[04:49:57] [Worker-Main-5/TRACE] [REI] [REIPlugin END] Reloading Section: "pre-stage/" done in 587.1 μs
[04:49:57] [Worker-Main-5/DEBUG] [REI] ========================================
[04:49:57] [Worker-Main-5/DEBUG] [REI] REIPlugin finished pre-reload for END in 946.3 μs.
[04:49:57] [Worker-Main-5/DEBUG] [REI] ========================================
[04:49:57] [Worker-Main-5/DEBUG] [REI] ========================================
[04:49:57] [Worker-Main-5/DEBUG] [REI] REIServerPlugin starting pre-reload for END.
[04:49:57] [Worker-Main-5/DEBUG] [REI] Reloadables (2):
[04:49:57] [Worker-Main-5/DEBUG] [REI]  - MenuInfoRegistryImpl
[04:49:57] [Worker-Main-5/DEBUG] [REI]  - SlotAccessorRegistryImpl
[04:49:57] [Worker-Main-5/DEBUG] [REI] Plugins (2):
[04:49:57] [Worker-Main-5/DEBUG] [REI]  - (-100.00) DefaultPluginImpl of DefaultPluginImpl [roughlyenoughitems]
[04:49:57] [Worker-Main-5/DEBUG] [REI]  - (0.00) DefaultRuntimePlugin of DefaultRuntimePlugin [roughlyenoughitems]
[04:49:57] [Worker-Main-5/DEBUG] [REI] ========================================
[04:49:57] [Worker-Main-5/TRACE] [REI] [REIServerPlugin END] Reloading Section: "pre-register/"
[04:49:57] [Worker-Main-5/TRACE] [REI] [REIServerPlugin END] Reloading Section: "pre-register/DefaultPluginImpl of DefaultPluginImpl [roughlyenoughitems]/"
[04:49:57] [Worker-Main-5/TRACE] [REI] [REIServerPlugin END] Reloading Section: "pre-register/DefaultPluginImpl of DefaultPluginImpl [roughlyenoughitems]/" done in 4.065 ms
[04:49:57] [Worker-Main-5/TRACE] [REI] [REIServerPlugin END] Reloading Section: "pre-register/DefaultRuntimePlugin of DefaultRuntimePlugin [roughlyenoughitems]/"
[04:49:57] [Worker-Main-5/TRACE] [REI] [REIServerPlugin END] Reloading Section: "pre-register/DefaultRuntimePlugin of DefaultRuntimePlugin [roughlyenoughitems]/" done in 10.60 μs
[04:49:57] [Worker-Main-5/TRACE] [REI] [REIServerPlugin END] Reloading Section: "pre-register/" done in 4.417 ms
[04:49:57] [Worker-Main-5/TRACE] [REI] [REIServerPlugin END] Reloading Section: "pre-stage/"
[04:49:57] [Worker-Main-5/TRACE] [REI] [REIServerPlugin END] Reloading Section: "pre-stage/MenuInfoRegistryImpl/"
[04:49:57] [Worker-Main-5/TRACE] [REI] [REIServerPlugin END] Reloading Section: "pre-stage/MenuInfoRegistryImpl/" done in 8.396 μs
[04:49:57] [Worker-Main-5/TRACE] [REI] [REIServerPlugin END] Reloading Section: "pre-stage/SlotAccessorRegistryImpl/"
[04:49:57] [Worker-Main-5/TRACE] [REI] [REIServerPlugin END] Reloading Section: "pre-stage/SlotAccessorRegistryImpl/" done in 6.091 μs
[04:49:57] [Worker-Main-5/TRACE] [REI] [REIServerPlugin END] Reloading Section: "pre-stage/" done in 4.555 ms
[04:49:57] [Worker-Main-5/DEBUG] [REI] ========================================
[04:49:57] [Worker-Main-5/DEBUG] [REI] REIServerPlugin finished pre-reload for END in 9.161 ms.
[04:49:57] [Worker-Main-5/DEBUG] [REI] ========================================
[04:49:57] [Worker-Main-5/INFO] [REI] ########################################
[04:49:57] [Worker-Main-5/INFO] [REI] REIPlugin starting main-reload for END.
[04:49:57] [Worker-Main-5/DEBUG] [REI] Reloadables (7):
[04:49:57] [Worker-Main-5/DEBUG] [REI]  - EntryTypeRegistryImpl
[04:49:57] [Worker-Main-5/DEBUG] [REI]  - EntrySettingsAdapterRegistryImpl
[04:49:57] [Worker-Main-5/DEBUG] [REI]  - RecipeManagerContextImpl
[04:49:57] [Worker-Main-5/DEBUG] [REI]  - ItemComparatorRegistryImpl
[04:49:57] [Worker-Main-5/DEBUG] [REI]  - FluidComparatorRegistryImpl
[04:49:57] [Worker-Main-5/DEBUG] [REI]  - DisplaySerializerRegistryImpl
[04:49:57] [Worker-Main-5/DEBUG] [REI]  - FluidSupportProviderImpl
[04:49:57] [Worker-Main-5/INFO] [REI] Plugins (2):
[04:49:57] [Worker-Main-5/INFO] [REI]  - (-100.00) DefaultPluginImpl of DefaultPluginImpl [roughlyenoughitems]
[04:49:57] [Worker-Main-5/INFO] [REI]  - (0.00) DefaultRuntimePlugin of DefaultRuntimePlugin [roughlyenoughitems]
[04:49:57] [Worker-Main-5/INFO] [REI] ########################################
[04:49:57] [Worker-Main-5/TRACE] [REI] [REIPlugin END] Reloading Section: "start-reload/"
[04:49:57] [Worker-Main-5/TRACE] [REI] [REIPlugin END] Reloading Section: "start-reload/EntryTypeRegistryImpl/"
[04:49:57] [Worker-Main-5/TRACE] [REI] [REIPlugin END] Reloading Section: "start-reload/EntryTypeRegistryImpl/" done in 7.414 μs
[04:49:57] [Worker-Main-5/TRACE] [REI] [REIPlugin END] Reloading Section: "start-reload/EntrySettingsAdapterRegistryImpl/"
[04:49:57] [Worker-Main-5/TRACE] [REI] [REIPlugin END] Reloading Section: "start-reload/EntrySettingsAdapterRegistryImpl/" done in 17.05 μs
[04:49:57] [Worker-Main-5/TRACE] [REI] [REIPlugin END] Reloading Section: "start-reload/RecipeManagerContextImpl/"
[04:49:57] [Worker-Main-5/TRACE] [REI] [REIPlugin END] Reloading Section: "start-reload/RecipeManagerContextImpl/" done in 7.303 μs
[04:49:57] [Worker-Main-5/TRACE] [REI] [REIPlugin END] Reloading Section: "start-reload/ItemComparatorRegistryImpl/"
[04:49:57] [Worker-Main-5/TRACE] [REI] [REIPlugin END] Reloading Section: "start-reload/ItemComparatorRegistryImpl/" done in 4.789 μs
[04:49:57] [Worker-Main-5/TRACE] [REI] [REIPlugin END] Reloading Section: "start-reload/FluidComparatorRegistryImpl/"
[04:49:57] [Worker-Main-5/TRACE] [REI] [REIPlugin END] Reloading Section: "start-reload/FluidComparatorRegistryImpl/" done in 4.678 μs
[04:49:57] [Worker-Main-5/TRACE] [REI] [REIPlugin END] Reloading Section: "start-reload/DisplaySerializerRegistryImpl/"
[04:49:57] [Worker-Main-5/TRACE] [REI] [REIPlugin END] Reloading Section: "start-reload/DisplaySerializerRegistryImpl/" done in 12.26 μs
[04:49:57] [Worker-Main-5/TRACE] [REI] [REIPlugin END] Reloading Section: "start-reload/FluidSupportProviderImpl/"
[04:49:57] [Worker-Main-5/TRACE] [REI] [REIPlugin END] Reloading Section: "start-reload/FluidSupportProviderImpl/" done in 5.200 μs
[04:49:57] [Worker-Main-5/TRACE] [REI] [REIPlugin END] Reloading Section: "start-reload/" done in 807.0 μs
[04:49:57] [Worker-Main-5/DEBUG] [REI] ========================================
[04:49:57] [Worker-Main-5/DEBUG] [REI] REIPlugin started main-reload for END.
[04:49:57] [Worker-Main-5/DEBUG] [REI] ========================================
[04:49:57] [Worker-Main-5/TRACE] [REI] [REIPlugin END] Reloading Section: "reloadable-plugin/EntryTypeRegistryImpl/"
[04:49:57] [Worker-Main-5/TRACE] [REI] [REIPlugin END] Reloading Section: "reloadable-plugin/EntryTypeRegistryImpl/DefaultPluginImpl of DefaultPluginImpl [roughlyenoughitems]/"
[04:49:57] [Worker-Main-5/TRACE] [REI] [REIPlugin END] Reloading Section: "reloadable-plugin/EntryTypeRegistryImpl/DefaultPluginImpl of DefaultPluginImpl [roughlyenoughitems]/" done in 12.22 μs
[04:49:57] [Worker-Main-5/TRACE] [REI] [REIPlugin END] Reloading Section: "reloadable-plugin/EntryTypeRegistryImpl/DefaultRuntimePlugin of DefaultRuntimePlugin [roughlyenoughitems]/"
[04:49:57] [Worker-Main-5/TRACE] [REI] [REIPlugin END] Reloading Section: "reloadable-plugin/EntryTypeRegistryImpl/DefaultRuntimePlugin of DefaultRuntimePlugin [roughlyenoughitems]/" done in 10.41 μs
[04:49:57] [Worker-Main-5/TRACE] [REI] [REIPlugin END] Reloading Section: "reloadable-plugin/EntryTypeRegistryImpl/" done in 249.3 μs
[04:49:57] [Worker-Main-5/TRACE] [REI] [REIPlugin END] Reloading Section: "reloadable-plugin/EntrySettingsAdapterRegistryImpl/"
[04:49:57] [Worker-Main-5/TRACE] [REI] [REIPlugin END] Reloading Section: "reloadable-plugin/EntrySettingsAdapterRegistryImpl/DefaultPluginImpl of DefaultPluginImpl [roughlyenoughitems]/"
[04:49:57] [Worker-Main-5/TRACE] [REI] [REIPlugin END] Reloading Section: "reloadable-plugin/EntrySettingsAdapterRegistryImpl/DefaultPluginImpl of DefaultPluginImpl [roughlyenoughitems]/" done in 19.86 μs
[04:49:57] [Worker-Main-5/TRACE] [REI] [REIPlugin END] Reloading Section: "reloadable-plugin/EntrySettingsAdapterRegistryImpl/DefaultRuntimePlugin of DefaultRuntimePlugin [roughlyenoughitems]/"
[04:49:57] [Worker-Main-5/TRACE] [REI] [REIPlugin END] Reloading Section: "reloadable-plugin/EntrySettingsAdapterRegistryImpl/DefaultRuntimePlugin of DefaultRuntimePlugin [roughlyenoughitems]/" done in 12.63 μs
[04:49:57] [Worker-Main-5/TRACE] [REI] [REIPlugin END] Reloading Section: "reloadable-plugin/EntrySettingsAdapterRegistryImpl/" done in 265.1 μs
[04:49:57] [Worker-Main-5/TRACE] [REI] [REIPlugin END] Reloading Section: "reloadable-plugin/RecipeManagerContextImpl/"
[04:49:57] [Worker-Main-5/TRACE] [REI] [REIPlugin END] Reloading Section: "reloadable-plugin/RecipeManagerContextImpl/DefaultPluginImpl of DefaultPluginImpl [roughlyenoughitems]/"
[04:49:57] [Worker-Main-5/TRACE] [REI] [REIPlugin END] Reloading Section: "reloadable-plugin/RecipeManagerContextImpl/DefaultPluginImpl of DefaultPluginImpl [roughlyenoughitems]/" done in 9.869 μs
[04:49:57] [Worker-Main-5/TRACE] [REI] [REIPlugin END] Reloading Section: "reloadable-plugin/RecipeManagerContextImpl/DefaultRuntimePlugin of DefaultRuntimePlugin [roughlyenoughitems]/"
[04:49:57] [Worker-Main-5/TRACE] [REI] [REIPlugin END] Reloading Section: "reloadable-plugin/RecipeManagerContextImpl/DefaultRuntimePlugin of DefaultRuntimePlugin [roughlyenoughitems]/" done in 12.22 μs
[04:49:57] [Worker-Main-5/TRACE] [REI] [REIPlugin END] Reloading Section: "reloadable-plugin/RecipeManagerContextImpl/" done in 303.6 μs
[04:49:57] [Worker-Main-5/TRACE] [REI] [REIPlugin END] Reloading Section: "reloadable-plugin/ItemComparatorRegistryImpl/"
[04:49:57] [Worker-Main-5/TRACE] [REI] [REIPlugin END] Reloading Section: "reloadable-plugin/ItemComparatorRegistryImpl/DefaultPluginImpl of DefaultPluginImpl [roughlyenoughitems]/"
[04:49:57] [Worker-Main-5/TRACE] [REI] [REIPlugin END] Reloading Section: "reloadable-plugin/ItemComparatorRegistryImpl/DefaultPluginImpl of DefaultPluginImpl [roughlyenoughitems]/" done in 9.688 μs
[04:49:57] [Worker-Main-5/TRACE] [REI] [REIPlugin END] Reloading Section: "reloadable-plugin/ItemComparatorRegistryImpl/DefaultRuntimePlugin of DefaultRuntimePlugin [roughlyenoughitems]/"
[04:49:57] [Worker-Main-5/TRACE] [REI] [REIPlugin END] Reloading Section: "reloadable-plugin/ItemComparatorRegistryImpl/DefaultRuntimePlugin of DefaultRuntimePlugin [roughlyenoughitems]/" done in 9.608 μs
[04:49:57] [Worker-Main-5/TRACE] [REI] [REIPlugin END] Reloading Section: "reloadable-plugin/ItemComparatorRegistryImpl/" done in 232.9 μs
[04:49:57] [Worker-Main-5/TRACE] [REI] [REIPlugin END] Reloading Section: "reloadable-plugin/FluidComparatorRegistryImpl/"
[04:49:57] [Worker-Main-5/TRACE] [REI] [REIPlugin END] Reloading Section: "reloadable-plugin/FluidComparatorRegistryImpl/DefaultPluginImpl of DefaultPluginImpl [roughlyenoughitems]/"
[04:49:57] [Worker-Main-5/TRACE] [REI] [REIPlugin END] Reloading Section: "reloadable-plugin/FluidComparatorRegistryImpl/DefaultPluginImpl of DefaultPluginImpl [roughlyenoughitems]/" done in 9.428 μs
[04:49:57] [Worker-Main-5/TRACE] [REI] [REIPlugin END] Reloading Section: "reloadable-plugin/FluidComparatorRegistryImpl/DefaultRuntimePlugin of DefaultRuntimePlugin [roughlyenoughitems]/"
[04:49:57] [Worker-Main-5/TRACE] [REI] [REIPlugin END] Reloading Section: "reloadable-plugin/FluidComparatorRegistryImpl/DefaultRuntimePlugin of DefaultRuntimePlugin [roughlyenoughitems]/" done in 9.277 μs
[04:49:57] [Worker-Main-5/TRACE] [REI] [REIPlugin END] Reloading Section: "reloadable-plugin/FluidComparatorRegistryImpl/" done in 8.045 ms
[04:49:57] [Worker-Main-5/TRACE] [REI] [REIPlugin END] Reloading Section: "reloadable-plugin/DisplaySerializerRegistryImpl/"
[04:49:57] [Worker-Main-5/TRACE] [REI] [REIPlugin END] Reloading Section: "reloadable-plugin/DisplaySerializerRegistryImpl/DefaultPluginImpl of DefaultPluginImpl [roughlyenoughitems]/"
[04:49:57] [Worker-Main-5/TRACE] [REI] [REIPlugin END] Reloading Section: "reloadable-plugin/DisplaySerializerRegistryImpl/DefaultPluginImpl of DefaultPluginImpl [roughlyenoughitems]/" done in 33.11 ms
[04:49:57] [Worker-Main-5/TRACE] [REI] [REIPlugin END] Reloading Section: "reloadable-plugin/DisplaySerializerRegistryImpl/DefaultRuntimePlugin of DefaultRuntimePlugin [roughlyenoughitems]/"
[04:49:57] [Worker-Main-5/TRACE] [REI] [REIPlugin END] Reloading Section: "reloadable-plugin/DisplaySerializerRegistryImpl/DefaultRuntimePlugin of DefaultRuntimePlugin [roughlyenoughitems]/" done in 35.05 μs
[04:49:57] [Worker-Main-5/TRACE] [REI] [REIPlugin END] Reloading Section: "reloadable-plugin/DisplaySerializerRegistryImpl/" done in 44.06 ms
[04:49:57] [Worker-Main-5/TRACE] [REI] [REIPlugin END] Reloading Section: "reloadable-plugin/FluidSupportProviderImpl/"
[04:49:57] [Worker-Main-5/TRACE] [REI] [REIPlugin END] Reloading Section: "reloadable-plugin/FluidSupportProviderImpl/DefaultPluginImpl of DefaultPluginImpl [roughlyenoughitems]/"
[04:49:57] [Worker-Main-5/TRACE] [REI] [REIPlugin END] Reloading Section: "reloadable-plugin/FluidSupportProviderImpl/DefaultPluginImpl of DefaultPluginImpl [roughlyenoughitems]/" done in 12.34 μs
[04:49:57] [Worker-Main-5/TRACE] [REI] [REIPlugin END] Reloading Section: "reloadable-plugin/FluidSupportProviderImpl/DefaultRuntimePlugin of DefaultRuntimePlugin [roughlyenoughitems]/"
[04:49:57] [Worker-Main-5/TRACE] [REI] [REIPlugin END] Reloading Section: "reloadable-plugin/FluidSupportProviderImpl/DefaultRuntimePlugin of DefaultRuntimePlugin [roughlyenoughitems]/" done in 13.80 μs
[04:49:57] [Worker-Main-5/TRACE] [REI] [REIPlugin END] Reloading Section: "reloadable-plugin/FluidSupportProviderImpl/" done in 1.290 ms
[04:49:57] [Worker-Main-5/DEBUG] [REI] ========================================
[04:49:57] [Worker-Main-5/DEBUG] [REI] REIPlugin ending main-reload for END.
[04:49:57] [Worker-Main-5/DEBUG] [REI] ========================================
[04:49:57] [Worker-Main-5/TRACE] [REI] [REIPlugin END] Reloading Section: "end-reload/"
[04:49:57] [Worker-Main-5/TRACE] [REI] [REIPlugin END] Reloading Section: "end-reload/EntryTypeRegistryImpl/"
[04:49:57] [Worker-Main-5/TRACE] [REI] [REIPlugin END] Reloading Section: "end-reload/EntryTypeRegistryImpl/" done in 6.222 μs
[04:49:57] [Worker-Main-5/TRACE] [REI] [REIPlugin END] Reloading Section: "end-reload/EntrySettingsAdapterRegistryImpl/"
[04:49:57] [Worker-Main-5/TRACE] [REI] [REIPlugin END] Reloading Section: "end-reload/EntrySettingsAdapterRegistryImpl/" done in 5.059 μs
[04:49:57] [Worker-Main-5/TRACE] [REI] [REIPlugin END] Reloading Section: "end-reload/RecipeManagerContextImpl/"
[04:49:57] [Worker-Main-5/TRACE] [REI] [REIPlugin END] Reloading Section: "end-reload/RecipeManagerContextImpl/" done in 4.769 μs
[04:49:57] [Worker-Main-5/TRACE] [REI] [REIPlugin END] Reloading Section: "end-reload/ItemComparatorRegistryImpl/"
[04:49:57] [Worker-Main-5/TRACE] [REI] [REIPlugin END] Reloading Section: "end-reload/ItemComparatorRegistryImpl/" done in 5.139 μs
[04:49:57] [Worker-Main-5/TRACE] [REI] [REIPlugin END] Reloading Section: "end-reload/FluidComparatorRegistryImpl/"
[04:49:57] [Worker-Main-5/TRACE] [REI] [REIPlugin END] Reloading Section: "end-reload/FluidComparatorRegistryImpl/" done in 6.703 μs
[04:49:57] [Worker-Main-5/TRACE] [REI] [REIPlugin END] Reloading Section: "end-reload/DisplaySerializerRegistryImpl/"
[04:49:57] [Worker-Main-5/TRACE] [REI] [REIPlugin END] Reloading Section: "end-reload/DisplaySerializerRegistryImpl/" done in 5.180 μs
[04:49:57] [Worker-Main-5/TRACE] [REI] [REIPlugin END] Reloading Section: "end-reload/FluidSupportProviderImpl/"
[04:49:57] [Worker-Main-5/TRACE] [REI] [REIPlugin END] Reloading Section: "end-reload/FluidSupportProviderImpl/" done in 4.969 μs
[04:49:57] [Worker-Main-5/TRACE] [REI] [REIPlugin END] Reloading Section: "end-reload/" done in 4.234 ms
[04:49:57] [Worker-Main-5/DEBUG] [REI] ========================================
[04:49:57] [Worker-Main-5/DEBUG] [REI] REIPlugin ended main-reload for END in 62.28 ms.
[04:49:57] [Worker-Main-5/DEBUG] [REI] ========================================
[04:49:57] [Worker-Main-5/INFO] [REI] ========================================
[04:49:57] [Worker-Main-5/INFO] [REI] REIServerPlugin starting main-reload for END.
[04:49:57] [Worker-Main-5/DEBUG] [REI] Reloadables (2):
[04:49:57] [Worker-Main-5/DEBUG] [REI]  - MenuInfoRegistryImpl
[04:49:57] [Worker-Main-5/DEBUG] [REI]  - SlotAccessorRegistryImpl
[04:49:57] [Worker-Main-5/INFO] [REI] Plugins (2):
[04:49:57] [Worker-Main-5/INFO] [REI]  - (-100.00) DefaultPluginImpl of DefaultPluginImpl [roughlyenoughitems]
[04:49:57] [Worker-Main-5/INFO] [REI]  - (0.00) DefaultRuntimePlugin of DefaultRuntimePlugin [roughlyenoughitems]
[04:49:57] [Worker-Main-5/INFO] [REI] ========================================
[04:49:57] [Worker-Main-5/TRACE] [REI] [REIServerPlugin END] Reloading Section: "start-reload/"
[04:49:57] [Worker-Main-5/TRACE] [REI] [REIServerPlugin END] Reloading Section: "start-reload/MenuInfoRegistryImpl/"
[04:49:57] [Worker-Main-5/TRACE] [REI] [REIServerPlugin END] Reloading Section: "start-reload/MenuInfoRegistryImpl/" done in 18.58 μs
[04:49:57] [Worker-Main-5/TRACE] [REI] [REIServerPlugin END] Reloading Section: "start-reload/SlotAccessorRegistryImpl/"
[04:49:57] [Worker-Main-5/TRACE] [REI] [REIServerPlugin END] Reloading Section: "start-reload/SlotAccessorRegistryImpl/" done in 13.91 μs
[04:49:57] [Worker-Main-5/TRACE] [REI] [REIServerPlugin END] Reloading Section: "start-reload/" done in 500.3 μs
[04:49:57] [Worker-Main-5/DEBUG] [REI] ========================================
[04:49:57] [Worker-Main-5/DEBUG] [REI] REIServerPlugin started main-reload for END.
[04:49:57] [Worker-Main-5/DEBUG] [REI] ========================================
[04:49:57] [Worker-Main-5/TRACE] [REI] [REIServerPlugin END] Reloading Section: "reloadable-plugin/MenuInfoRegistryImpl/"
[04:49:57] [Worker-Main-5/TRACE] [REI] [REIServerPlugin END] Reloading Section: "reloadable-plugin/MenuInfoRegistryImpl/DefaultPluginImpl of DefaultPluginImpl [roughlyenoughitems]/"
[04:49:57] [Worker-Main-5/TRACE] [REI] [REIServerPlugin END] Reloading Section: "reloadable-plugin/MenuInfoRegistryImpl/DefaultPluginImpl of DefaultPluginImpl [roughlyenoughitems]/" done in 21.33 μs
[04:49:57] [Worker-Main-5/TRACE] [REI] [REIServerPlugin END] Reloading Section: "reloadable-plugin/MenuInfoRegistryImpl/DefaultRuntimePlugin of DefaultRuntimePlugin [roughlyenoughitems]/"
[04:49:57] [Worker-Main-5/TRACE] [REI] [REIServerPlugin END] Reloading Section: "reloadable-plugin/MenuInfoRegistryImpl/DefaultRuntimePlugin of DefaultRuntimePlugin [roughlyenoughitems]/" done in 9.438 μs
[04:49:57] [Worker-Main-5/TRACE] [REI] [REIServerPlugin END] Reloading Section: "reloadable-plugin/MenuInfoRegistryImpl/" done in 482.8 μs
[04:49:57] [Worker-Main-5/TRACE] [REI] [REIServerPlugin END] Reloading Section: "reloadable-plugin/SlotAccessorRegistryImpl/"
[04:49:57] [Worker-Main-5/TRACE] [REI] [REIServerPlugin END] Reloading Section: "reloadable-plugin/SlotAccessorRegistryImpl/DefaultPluginImpl of DefaultPluginImpl [roughlyenoughitems]/"
[04:49:57] [Worker-Main-5/TRACE] [REI] [REIServerPlugin END] Reloading Section: "reloadable-plugin/SlotAccessorRegistryImpl/DefaultPluginImpl of DefaultPluginImpl [roughlyenoughitems]/" done in 19.98 μs
[04:49:57] [Worker-Main-5/TRACE] [REI] [REIServerPlugin END] Reloading Section: "reloadable-plugin/SlotAccessorRegistryImpl/DefaultRuntimePlugin of DefaultRuntimePlugin [roughlyenoughitems]/"
[04:49:57] [Worker-Main-5/DEBUG] [REI] Added slot accessor serializer: me.shedaniel.rei.plugin.common.runtime.DefaultRuntimePlugin$1@787f3940 [roughlyenoughitems:vanilla]
[04:49:57] [Worker-Main-5/DEBUG] [REI] Added slot accessor serializer: me.shedaniel.rei.plugin.common.runtime.DefaultRuntimePlugin$2@2320d388 [roughlyenoughitems:player]
[04:49:57] [Worker-Main-5/TRACE] [REI] [REIServerPlugin END] Reloading Section: "reloadable-plugin/SlotAccessorRegistryImpl/DefaultRuntimePlugin of DefaultRuntimePlugin [roughlyenoughitems]/" done in 6.836 ms
[04:49:57] [Worker-Main-5/TRACE] [REI] [REIServerPlugin END] Reloading Section: "reloadable-plugin/SlotAccessorRegistryImpl/" done in 7.397 ms
[04:49:57] [Worker-Main-5/DEBUG] [REI] ========================================
[04:49:57] [Worker-Main-5/DEBUG] [REI] REIServerPlugin ending main-reload for END.
[04:49:57] [Worker-Main-5/DEBUG] [REI] ========================================
[04:49:57] [Worker-Main-5/TRACE] [REI] [REIServerPlugin END] Reloading Section: "end-reload/"
[04:49:57] [Worker-Main-5/TRACE] [REI] [REIServerPlugin END] Reloading Section: "end-reload/MenuInfoRegistryImpl/"
[04:49:57] [Worker-Main-5/DEBUG] [REI] Registered 0 menu infos
[04:49:57] [Worker-Main-5/TRACE] [REI] [REIServerPlugin END] Reloading Section: "end-reload/MenuInfoRegistryImpl/" done in 176.1 μs
[04:49:57] [Worker-Main-5/TRACE] [REI] [REIServerPlugin END] Reloading Section: "end-reload/SlotAccessorRegistryImpl/"
[04:49:57] [Worker-Main-5/DEBUG] [REI] Registered 2 slot accessor serializers
[04:49:57] [Worker-Main-5/TRACE] [REI] [REIServerPlugin END] Reloading Section: "end-reload/SlotAccessorRegistryImpl/" done in 177.6 μs
[04:49:57] [Worker-Main-5/TRACE] [REI] [REIServerPlugin END] Reloading Section: "end-reload/" done in 1.271 ms
[04:49:57] [Worker-Main-5/DEBUG] [REI] ========================================
[04:49:57] [Worker-Main-5/DEBUG] [REI] REIServerPlugin ended main-reload for END in 14.59 ms.
[04:49:57] [Worker-Main-5/DEBUG] [REI] ========================================
[04:49:57] [Worker-Main-5/DEBUG] [REI] ========================================
[04:49:57] [Worker-Main-5/DEBUG] [REI] REIPlugin starting post-reload for END.
[04:49:57] [Worker-Main-5/DEBUG] [REI] Reloadables (7):
[04:49:57] [Worker-Main-5/DEBUG] [REI]  - EntryTypeRegistryImpl
[04:49:57] [Worker-Main-5/DEBUG] [REI]  - EntrySettingsAdapterRegistryImpl
[04:49:57] [Worker-Main-5/DEBUG] [REI]  - RecipeManagerContextImpl
[04:49:57] [Worker-Main-5/DEBUG] [REI]  - ItemComparatorRegistryImpl
[04:49:57] [Worker-Main-5/DEBUG] [REI]  - FluidComparatorRegistryImpl
[04:49:57] [Worker-Main-5/DEBUG] [REI]  - DisplaySerializerRegistryImpl
[04:49:57] [Worker-Main-5/DEBUG] [REI]  - FluidSupportProviderImpl
[04:49:57] [Worker-Main-5/DEBUG] [REI] Plugins (2):
[04:49:57] [Worker-Main-5/DEBUG] [REI]  - (-100.00) DefaultPluginImpl of DefaultPluginImpl [roughlyenoughitems]
[04:49:57] [Worker-Main-5/DEBUG] [REI]  - (0.00) DefaultRuntimePlugin of DefaultRuntimePlugin [roughlyenoughitems]
[04:49:57] [Worker-Main-5/DEBUG] [REI] ========================================
[04:49:57] [Worker-Main-5/TRACE] [REI] [REIPlugin END] Reloading Section: "post-register/"
[04:49:57] [Worker-Main-5/TRACE] [REI] [REIPlugin END] Reloading Section: "post-register/DefaultPluginImpl of DefaultPluginImpl [roughlyenoughitems]/"
[04:49:57] [Worker-Main-5/TRACE] [REI] [REIPlugin END] Reloading Section: "post-register/DefaultPluginImpl of DefaultPluginImpl [roughlyenoughitems]/" done in 12.42 μs
[04:49:57] [Worker-Main-5/TRACE] [REI] [REIPlugin END] Reloading Section: "post-register/DefaultRuntimePlugin of DefaultRuntimePlugin [roughlyenoughitems]/"
[04:49:57] [Worker-Main-5/TRACE] [REI] [REIPlugin END] Reloading Section: "post-register/DefaultRuntimePlugin of DefaultRuntimePlugin [roughlyenoughitems]/" done in 8.104 μs
[04:49:57] [Worker-Main-5/TRACE] [REI] [REIPlugin END] Reloading Section: "post-register/" done in 539.5 μs
[04:49:57] [Worker-Main-5/TRACE] [REI] [REIPlugin END] Reloading Section: "post-stage/"
[04:49:57] [Worker-Main-5/TRACE] [REI] [REIPlugin END] Reloading Section: "post-stage/EntryTypeRegistryImpl/"
[04:49:57] [Worker-Main-5/TRACE] [REI] [REIPlugin END] Reloading Section: "post-stage/EntryTypeRegistryImpl/" done in 6.512 μs
[04:49:57] [Worker-Main-5/TRACE] [REI] [REIPlugin END] Reloading Section: "post-stage/EntrySettingsAdapterRegistryImpl/"
[04:49:57] [Worker-Main-5/TRACE] [REI] [REIPlugin END] Reloading Section: "post-stage/EntrySettingsAdapterRegistryImpl/" done in 7.033 μs
[04:49:57] [Worker-Main-5/TRACE] [REI] [REIPlugin END] Reloading Section: "post-stage/RecipeManagerContextImpl/"
[04:49:57] [Worker-Main-5/TRACE] [REI] [REIPlugin END] Reloading Section: "post-stage/RecipeManagerContextImpl/" done in 7.474 μs
[04:49:57] [Worker-Main-5/TRACE] [REI] [REIPlugin END] Reloading Section: "post-stage/ItemComparatorRegistryImpl/"
[04:49:57] [Worker-Main-5/TRACE] [REI] [REIPlugin END] Reloading Section: "post-stage/ItemComparatorRegistryImpl/" done in 8.025 μs
[04:49:57] [Worker-Main-5/TRACE] [REI] [REIPlugin END] Reloading Section: "post-stage/FluidComparatorRegistryImpl/"
[04:49:57] [Worker-Main-5/TRACE] [REI] [REIPlugin END] Reloading Section: "post-stage/FluidComparatorRegistryImpl/" done in 6.031 μs
[04:49:57] [Worker-Main-5/TRACE] [REI] [REIPlugin END] Reloading Section: "post-stage/DisplaySerializerRegistryImpl/"
[04:49:57] [Worker-Main-5/TRACE] [REI] [REIPlugin END] Reloading Section: "post-stage/DisplaySerializerRegistryImpl/" done in 5.711 μs
[04:49:57] [Worker-Main-5/TRACE] [REI] [REIPlugin END] Reloading Section: "post-stage/FluidSupportProviderImpl/"
[04:49:57] [Worker-Main-5/TRACE] [REI] [REIPlugin END] Reloading Section: "post-stage/FluidSupportProviderImpl/" done in 5.800 μs
[04:49:57] [Worker-Main-5/TRACE] [REI] [REIPlugin END] Reloading Section: "post-stage/" done in 7.259 ms
[04:49:57] [Worker-Main-5/DEBUG] [REI] ========================================
[04:49:57] [Worker-Main-5/INFO] [REI] REIPlugin finished post-reload for END in 9.094 ms, totaling 72.19 ms.
[04:49:57] [Worker-Main-5/DEBUG] [REI] ========================================
[04:49:57] [Worker-Main-5/DEBUG] [REI] ========================================
[04:49:57] [Worker-Main-5/DEBUG] [REI] REIServerPlugin starting post-reload for END.
[04:49:57] [Worker-Main-5/DEBUG] [REI] Reloadables (2):
[04:49:57] [Worker-Main-5/DEBUG] [REI]  - MenuInfoRegistryImpl
[04:49:57] [Worker-Main-5/DEBUG] [REI]  - SlotAccessorRegistryImpl
[04:49:57] [Worker-Main-5/DEBUG] [REI] Plugins (2):
[04:49:57] [Worker-Main-5/DEBUG] [REI]  - (-100.00) DefaultPluginImpl of DefaultPluginImpl [roughlyenoughitems]
[04:49:57] [Worker-Main-5/DEBUG] [REI]  - (0.00) DefaultRuntimePlugin of DefaultRuntimePlugin [roughlyenoughitems]
[04:49:57] [Worker-Main-5/DEBUG] [REI] ========================================
[04:49:57] [Worker-Main-5/TRACE] [REI] [REIServerPlugin END] Reloading Section: "post-register/"
[04:49:57] [Worker-Main-5/TRACE] [REI] [REIServerPlugin END] Reloading Section: "post-register/DefaultPluginImpl of DefaultPluginImpl [roughlyenoughitems]/"
[04:49:57] [Worker-Main-5/TRACE] [REI] [REIServerPlugin END] Reloading Section: "post-register/DefaultPluginImpl of DefaultPluginImpl [roughlyenoughitems]/" done in 10.14 μs
[04:49:57] [Worker-Main-5/TRACE] [REI] [REIServerPlugin END] Reloading Section: "post-register/DefaultRuntimePlugin of DefaultRuntimePlugin [roughlyenoughitems]/"
[04:49:57] [Worker-Main-5/TRACE] [REI] [REIServerPlugin END] Reloading Section: "post-register/DefaultRuntimePlugin of DefaultRuntimePlugin [roughlyenoughitems]/" done in 9.768 μs
[04:49:57] [Worker-Main-5/TRACE] [REI] [REIServerPlugin END] Reloading Section: "post-register/" done in 592.9 μs
[04:49:57] [Worker-Main-5/TRACE] [REI] [REIServerPlugin END] Reloading Section: "post-stage/"
[04:49:57] [Worker-Main-5/TRACE] [REI] [REIServerPlugin END] Reloading Section: "post-stage/MenuInfoRegistryImpl/"
[04:49:57] [Worker-Main-5/TRACE] [REI] [REIServerPlugin END] Reloading Section: "post-stage/MenuInfoRegistryImpl/" done in 7.444 μs
[04:49:57] [Worker-Main-5/TRACE] [REI] [REIServerPlugin END] Reloading Section: "post-stage/SlotAccessorRegistryImpl/"
[04:49:57] [Worker-Main-5/TRACE] [REI] [REIServerPlugin END] Reloading Section: "post-stage/SlotAccessorRegistryImpl/" done in 7.073 μs
[04:49:57] [Worker-Main-5/TRACE] [REI] [REIServerPlugin END] Reloading Section: "post-stage/" done in 610.1 μs
[04:49:57] [Worker-Main-5/DEBUG] [REI] ========================================
[04:49:57] [Worker-Main-5/INFO] [REI] REIServerPlugin finished post-reload for END in 1.713 ms, totaling 25.37 ms.
[04:49:57] [Worker-Main-5/DEBUG] [REI] ========================================
